# JRE version: OpenJDK Runtime Environment (21.0.8) (build 21.0.8+-14196175-b1038.72)
# Java VM: OpenJDK 64-Bit Server VM (21.0.8+-14196175-b1038.72, mixed mode, tiered, compressed oops, compressed class ptrs, g1 gc, windows-amd64)
GC Precious Log:
 CardTable entry size: 512
 Card Set container configuration: InlinePtr #cards 5 size 8 Array Of Cards #cards 12 size 40 Howl #buckets 4 coarsen threshold 1843 Howl Bitmap #cards 512 size 80 coarsen threshold 460 Card regions per heap region 1 cards per card region 2048
 CPUs: 12 total, 12 available
 Memory: 5996M
 Large Page Support: Disabled
 NUMA Support: Disabled
 Compressed Oops: Enabled (32-bit)
 Heap Region Size: 1M
 Heap Min Capacity: 8M
 Heap Initial Capacity: 94M
 Heap Max Capacity: 1G
 Pre-touch: Disabled
 Parallel Workers: 10
 Concurrent Workers: 3
 Concurrent Refinement Workers: 10
 Periodic GC: Disabled
Heap:
 garbage-first heap   total 280576K, used 171452K [0x00000000c0000000, 0x0000000100000000)
  region size 1024K, 18 young (18432K), 5 survivors (5120K)
 Metaspace       used 143874K, committed 146240K, reserved 344064K
  class space    used 19381K, committed 20544K, reserved 212992K
GC Heap History (20 events):
Event: 22.493 GC heap before
{Heap before GC invocations=61 (full 0):
 garbage-first heap   total 240640K, used 218870K [0x00000000c0000000, 0x0000000100000000)
  region size 1024K, 79 young (80896K), 7 survivors (7168K)
 Metaspace       used 129518K, committed 131712K, reserved 344064K
  class space    used 17914K, committed 19008K, reserved 212992K
}
Event: 22.503 GC heap after
{Heap after GC invocations=62 (full 0):
 garbage-first heap   total 240640K, used 149794K [0x00000000c0000000, 0x0000000100000000)
  region size 1024K, 10 young (10240K), 10 survivors (10240K)
 Metaspace       used 129518K, committed 131712K, reserved 344064K
  class space    used 17914K, committed 19008K, reserved 212992K
}
Event: 23.778 GC heap before
{Heap before GC invocations=62 (full 0):
 garbage-first heap   total 240640K, used 184610K [0x00000000c0000000, 0x0000000100000000)
  region size 1024K, 46 young (47104K), 10 survivors (10240K)
 Metaspace       used 131337K, committed 133568K, reserved 344064K
  class space    used 18154K, committed 19264K, reserved 212992K
}
Event: 23.788 GC heap after
{Heap after GC invocations=63 (full 0):
 garbage-first heap   total 240640K, used 157268K [0x00000000c0000000, 0x0000000100000000)
  region size 1024K, 7 young (7168K), 7 survivors (7168K)
 Metaspace       used 131337K, committed 133568K, reserved 344064K
  class space    used 18154K, committed 19264K, reserved 212992K
}
Event: 28.182 GC heap before
{Heap before GC invocations=64 (full 0):
 garbage-first heap   total 268288K, used 219732K [0x00000000c0000000, 0x0000000100000000)
  region size 1024K, 66 young (67584K), 7 survivors (7168K)
 Metaspace       used 135302K, committed 137664K, reserved 344064K
  class space    used 18548K, committed 19712K, reserved 212992K
}
Event: 28.187 GC heap after
{Heap after GC invocations=65 (full 0):
 garbage-first heap   total 268288K, used 157231K [0x00000000c0000000, 0x0000000100000000)
  region size 1024K, 2 young (2048K), 2 survivors (2048K)
 Metaspace       used 135302K, committed 137664K, reserved 344064K
  class space    used 18548K, committed 19712K, reserved 212992K
}
Event: 30.730 GC heap before
{Heap before GC invocations=65 (full 0):
 garbage-first heap   total 268288K, used 242223K [0x00000000c0000000, 0x0000000100000000)
  region size 1024K, 86 young (88064K), 2 survivors (2048K)
 Metaspace       used 138289K, committed 140608K, reserved 344064K
  class space    used 18934K, committed 20096K, reserved 212992K
}
Event: 30.740 GC heap after
{Heap after GC invocations=66 (full 0):
 garbage-first heap   total 268288K, used 161612K [0x00000000c0000000, 0x0000000100000000)
  region size 1024K, 7 young (7168K), 7 survivors (7168K)
 Metaspace       used 138289K, committed 140608K, reserved 344064K
  class space    used 18934K, committed 20096K, reserved 212992K
}
Event: 30.859 GC heap before
{Heap before GC invocations=66 (full 0):
 garbage-first heap   total 268288K, used 243532K [0x00000000c0000000, 0x0000000100000000)
  region size 1024K, 89 young (91136K), 7 survivors (7168K)
 Metaspace       used 138324K, committed 140608K, reserved 344064K
  class space    used 18934K, committed 20096K, reserved 212992K
}
Event: 30.864 GC heap after
{Heap after GC invocations=67 (full 0):
 garbage-first heap   total 268288K, used 162762K [0x00000000c0000000, 0x0000000100000000)
  region size 1024K, 7 young (7168K), 7 survivors (7168K)
 Metaspace       used 138324K, committed 140608K, reserved 344064K
  class space    used 18934K, committed 20096K, reserved 212992K
}
Event: 31.142 GC heap before
{Heap before GC invocations=67 (full 0):
 garbage-first heap   total 268288K, used 225226K [0x00000000c0000000, 0x0000000100000000)
  region size 1024K, 70 young (71680K), 7 survivors (7168K)
 Metaspace       used 139171K, committed 141568K, reserved 344064K
  class space    used 19004K, committed 20160K, reserved 212992K
}
Event: 31.147 GC heap after
{Heap after GC invocations=68 (full 0):
 garbage-first heap   total 268288K, used 164523K [0x00000000c0000000, 0x0000000100000000)
  region size 1024K, 4 young (4096K), 4 survivors (4096K)
 Metaspace       used 139171K, committed 141568K, reserved 344064K
  class space    used 19004K, committed 20160K, reserved 212992K
}
Event: 31.461 GC heap before
{Heap before GC invocations=69 (full 0):
 garbage-first heap   total 280576K, used 248491K [0x00000000c0000000, 0x0000000100000000)
  region size 1024K, 85 young (87040K), 4 survivors (4096K)
 Metaspace       used 143313K, committed 145664K, reserved 344064K
  class space    used 19338K, committed 20480K, reserved 212992K
}
Event: 31.464 GC heap after
{Heap after GC invocations=70 (full 0):
 garbage-first heap   total 280576K, used 165398K [0x00000000c0000000, 0x0000000100000000)
  region size 1024K, 4 young (4096K), 4 survivors (4096K)
 Metaspace       used 143313K, committed 145664K, reserved 344064K
  class space    used 19338K, committed 20480K, reserved 212992K
}
Event: 31.577 GC heap before
{Heap before GC invocations=70 (full 0):
 garbage-first heap   total 280576K, used 260630K [0x00000000c0000000, 0x0000000100000000)
  region size 1024K, 97 young (99328K), 4 survivors (4096K)
 Metaspace       used 143500K, committed 145856K, reserved 344064K
  class space    used 19341K, committed 20544K, reserved 212992K
}
Event: 31.580 GC heap after
{Heap after GC invocations=71 (full 0):
 garbage-first heap   total 280576K, used 160180K [0x00000000c0000000, 0x0000000100000000)
  region size 1024K, 5 young (5120K), 5 survivors (5120K)
 Metaspace       used 143500K, committed 145856K, reserved 344064K
  class space    used 19341K, committed 20544K, reserved 212992K
}
Event: 31.707 GC heap before
{Heap before GC invocations=71 (full 0):
 garbage-first heap   total 280576K, used 258484K [0x00000000c0000000, 0x0000000100000000)
  region size 1024K, 101 young (103424K), 5 survivors (5120K)
 Metaspace       used 143591K, committed 145984K, reserved 344064K
  class space    used 19345K, committed 20544K, reserved 212992K
}
Event: 31.711 GC heap after
{Heap after GC invocations=72 (full 0):
 garbage-first heap   total 280576K, used 161063K [0x00000000c0000000, 0x0000000100000000)
  region size 1024K, 5 young (5120K), 5 survivors (5120K)
 Metaspace       used 143591K, committed 145984K, reserved 344064K
  class space    used 19345K, committed 20544K, reserved 212992K
}
Event: 32.663 GC heap before
{Heap before GC invocations=73 (full 0):
 garbage-first heap   total 280576K, used 258343K [0x00000000c0000000, 0x0000000100000000)
  region size 1024K, 101 young (103424K), 5 survivors (5120K)
 Metaspace       used 143870K, committed 146240K, reserved 344064K
  class space    used 19381K, committed 20544K, reserved 212992K
}
Event: 32.669 GC heap after
{Heap after GC invocations=74 (full 0):
 garbage-first heap   total 280576K, used 160188K [0x00000000c0000000, 0x0000000100000000)
  region size 1024K, 5 young (5120K), 5 survivors (5120K)
 Metaspace       used 143870K, committed 146240K, reserved 344064K
  class space    used 19381K, committed 20544K, reserved 212992K
}

