# JRE version: Java(TM) SE Runtime Environment (22.0.1+8) (build 22.0.1+8-16)
# Java VM: Java HotSpot(TM) 64-Bit Server VM (22.0.1+8-16, mixed mode, sharing, tiered, compressed oops, compressed class ptrs, g1 gc, windows-amd64)
GC Precious Log:
 CardTable entry size: 512
 Card Set container configuration: InlinePtr #cards 5 size 8 Array Of Cards #cards 12 size 40 Howl #buckets 4 coarsen threshold 1843 Howl Bitmap #cards 512 size 80 coarsen threshold 460 Card regions per heap region 1 cards per card region 2048
 CPUs: 12 total, 12 available
 Memory: 5996M
 Large Page Support: Disabled
 NUMA Support: Disabled
 Compressed Oops: Enabled (32-bit)
 Heap Region Size: 1M
 Heap Min Capacity: 8M
 Heap Initial Capacity: 94M
 Heap Max Capacity: 2G
 Pre-touch: Disabled
 Parallel Workers: 10
 Concurrent Workers: 3
 Concurrent Refinement Workers: 10
 Periodic GC: Disabled
Heap:
 garbage-first heap   total reserved 2097152K, committed 256000K, used 213230K [0x0000000080000000, 0x0000000100000000)
  region size 1024K, 67 young (68608K), 10 survivors (10240K)
 Metaspace       used 136432K, committed 139072K, reserved 1179648K
  class space    used 18054K, committed 19328K, reserved 1048576K
GC Heap History (20 events):
Event: 18.223 GC heap before
{Heap before GC invocations=37 (full 0):
 garbage-first heap   total reserved 2097152K, committed 195584K, used 181864K [0x0000000080000000, 0x0000000100000000)
  region size 1024K, 81 young (82944K), 6 survivors (6144K)
 Metaspace       used 113561K, committed 115968K, reserved 1179648K
  class space    used 15163K, committed 16320K, reserved 1048576K
}
Event: 18.232 GC heap after
{Heap after GC invocations=38 (full 0):
 garbage-first heap   total reserved 2097152K, committed 199680K, used 114411K [0x0000000080000000, 0x0000000100000000)
  region size 1024K, 11 young (11264K), 11 survivors (11264K)
 Metaspace       used 113561K, committed 115968K, reserved 1179648K
  class space    used 15163K, committed 16320K, reserved 1048576K
}
Event: 18.260 GC heap before
{Heap before GC invocations=38 (full 0):
 garbage-first heap   total reserved 2097152K, committed 199680K, used 120555K [0x0000000080000000, 0x0000000100000000)
  region size 1024K, 18 young (18432K), 11 survivors (11264K)
 Metaspace       used 113561K, committed 115968K, reserved 1179648K
  class space    used 15163K, committed 16320K, reserved 1048576K
}
Event: 18.266 GC heap after
{Heap after GC invocations=39 (full 0):
 garbage-first heap   total reserved 2097152K, committed 199680K, used 117433K [0x0000000080000000, 0x0000000100000000)
  region size 1024K, 3 young (3072K), 3 survivors (3072K)
 Metaspace       used 113561K, committed 115968K, reserved 1179648K
  class space    used 15163K, committed 16320K, reserved 1048576K
}
Event: 18.686 GC heap before
{Heap before GC invocations=40 (full 0):
 garbage-first heap   total reserved 2097152K, committed 199680K, used 178873K [0x0000000080000000, 0x0000000100000000)
  region size 1024K, 56 young (57344K), 3 survivors (3072K)
 Metaspace       used 113672K, committed 116096K, reserved 1179648K
  class space    used 15163K, committed 16320K, reserved 1048576K
}
Event: 18.694 GC heap after
{Heap after GC invocations=41 (full 0):
 garbage-first heap   total reserved 2097152K, committed 199680K, used 130565K [0x0000000080000000, 0x0000000100000000)
  region size 1024K, 7 young (7168K), 7 survivors (7168K)
 Metaspace       used 113672K, committed 116096K, reserved 1179648K
  class space    used 15163K, committed 16320K, reserved 1048576K
}
Event: 18.890 GC heap before
{Heap before GC invocations=41 (full 0):
 garbage-first heap   total reserved 2097152K, committed 199680K, used 174597K [0x0000000080000000, 0x0000000100000000)
  region size 1024K, 50 young (51200K), 7 survivors (7168K)
 Metaspace       used 113892K, committed 116288K, reserved 1179648K
  class space    used 15163K, committed 16320K, reserved 1048576K
}
Event: 18.898 GC heap after
{Heap after GC invocations=42 (full 0):
 garbage-first heap   total reserved 2097152K, committed 239616K, used 127593K [0x0000000080000000, 0x0000000100000000)
  region size 1024K, 5 young (5120K), 5 survivors (5120K)
 Metaspace       used 113892K, committed 116288K, reserved 1179648K
  class space    used 15163K, committed 16320K, reserved 1048576K
}
Event: 19.037 GC heap before
{Heap before GC invocations=42 (full 0):
 garbage-first heap   total reserved 2097152K, committed 239616K, used 134761K [0x0000000080000000, 0x0000000100000000)
  region size 1024K, 13 young (13312K), 5 survivors (5120K)
 Metaspace       used 114110K, committed 116544K, reserved 1179648K
  class space    used 15170K, committed 16320K, reserved 1048576K
}
Event: 19.041 GC heap after
{Heap after GC invocations=43 (full 0):
 garbage-first heap   total reserved 2097152K, committed 239616K, used 129161K [0x0000000080000000, 0x0000000100000000)
  region size 1024K, 6 young (6144K), 6 survivors (6144K)
 Metaspace       used 114110K, committed 116544K, reserved 1179648K
  class space    used 15170K, committed 16320K, reserved 1048576K
}
Event: 20.187 GC heap before
{Heap before GC invocations=44 (full 0):
 garbage-first heap   total reserved 2097152K, committed 239616K, used 203913K [0x0000000080000000, 0x0000000100000000)
  region size 1024K, 74 young (75776K), 6 survivors (6144K)
 Metaspace       used 119589K, committed 122048K, reserved 1179648K
  class space    used 15802K, committed 16960K, reserved 1048576K
}
Event: 20.196 GC heap after
{Heap after GC invocations=45 (full 0):
 garbage-first heap   total reserved 2097152K, committed 239616K, used 140288K [0x0000000080000000, 0x0000000100000000)
  region size 1024K, 10 young (10240K), 10 survivors (10240K)
 Metaspace       used 119589K, committed 122048K, reserved 1179648K
  class space    used 15802K, committed 16960K, reserved 1048576K
}
Event: 21.817 GC heap before
{Heap before GC invocations=45 (full 0):
 garbage-first heap   total reserved 2097152K, committed 239616K, used 209920K [0x0000000080000000, 0x0000000100000000)
  region size 1024K, 74 young (75776K), 10 survivors (10240K)
 Metaspace       used 126267K, committed 128832K, reserved 1179648K
  class space    used 16680K, committed 17920K, reserved 1048576K
}
Event: 21.829 GC heap after
{Heap after GC invocations=46 (full 0):
 garbage-first heap   total reserved 2097152K, committed 239616K, used 145412K [0x0000000080000000, 0x0000000100000000)
  region size 1024K, 7 young (7168K), 7 survivors (7168K)
 Metaspace       used 126267K, committed 128832K, reserved 1179648K
  class space    used 16680K, committed 17920K, reserved 1048576K
}
Event: 22.917 GC heap before
{Heap before GC invocations=46 (full 0):
 garbage-first heap   total reserved 2097152K, committed 239616K, used 208900K [0x0000000080000000, 0x0000000100000000)
  region size 1024K, 69 young (70656K), 7 survivors (7168K)
 Metaspace       used 131687K, committed 134272K, reserved 1179648K
  class space    used 17360K, committed 18560K, reserved 1048576K
}
Event: 22.924 GC heap after
{Heap after GC invocations=47 (full 0):
 garbage-first heap   total reserved 2097152K, committed 239616K, used 149304K [0x0000000080000000, 0x0000000100000000)
  region size 1024K, 4 young (4096K), 4 survivors (4096K)
 Metaspace       used 131687K, committed 134272K, reserved 1179648K
  class space    used 17360K, committed 18560K, reserved 1048576K
}
Event: 24.044 GC heap before
{Heap before GC invocations=48 (full 0):
 garbage-first heap   total reserved 2097152K, committed 256000K, used 215864K [0x0000000080000000, 0x0000000100000000)
  region size 1024K, 66 young (67584K), 4 survivors (4096K)
 Metaspace       used 135887K, committed 138560K, reserved 1179648K
  class space    used 18009K, committed 19328K, reserved 1048576K
}
Event: 24.049 GC heap after
{Heap after GC invocations=49 (full 0):
 garbage-first heap   total reserved 2097152K, committed 256000K, used 155230K [0x0000000080000000, 0x0000000100000000)
  region size 1024K, 7 young (7168K), 7 survivors (7168K)
 Metaspace       used 135887K, committed 138560K, reserved 1179648K
  class space    used 18009K, committed 19328K, reserved 1048576K
}
Event: 24.675 GC heap before
{Heap before GC invocations=49 (full 0):
 garbage-first heap   total reserved 2097152K, committed 256000K, used 229982K [0x0000000080000000, 0x0000000100000000)
  region size 1024K, 79 young (80896K), 7 survivors (7168K)
 Metaspace       used 136346K, committed 139008K, reserved 1179648K
  class space    used 18051K, committed 19328K, reserved 1048576K
}
Event: 24.686 GC heap after
{Heap after GC invocations=50 (full 0):
 garbage-first heap   total reserved 2097152K, committed 256000K, used 155886K [0x0000000080000000, 0x0000000100000000)
  region size 1024K, 10 young (10240K), 10 survivors (10240K)
 Metaspace       used 136346K, committed 139008K, reserved 1179648K
  class space    used 18051K, committed 19328K, reserved 1048576K
}

