# JRE version: Java(TM) SE Runtime Environment (22.0.1+8) (build 22.0.1+8-16)
# Java VM: Java HotSpot(TM) 64-Bit Server VM (22.0.1+8-16, mixed mode, sharing, tiered, compressed oops, compressed class ptrs, g1 gc, windows-amd64)
GC Precious Log:
 CardTable entry size: 512
 Card Set container configuration: InlinePtr #cards 5 size 8 Array Of Cards #cards 12 size 40 Howl #buckets 4 coarsen threshold 1843 Howl Bitmap #cards 512 size 80 coarsen threshold 460 Card regions per heap region 1 cards per card region 2048
 CPUs: 12 total, 12 available
 Memory: 5996M
 Large Page Support: Disabled
 NUMA Support: Disabled
 Compressed Oops: Enabled (32-bit)
 Heap Region Size: 1M
 Heap Min Capacity: 8M
 Heap Initial Capacity: 94M
 Heap Max Capacity: 2G
 Pre-touch: Disabled
 Parallel Workers: 10
 Concurrent Workers: 3
 Concurrent Refinement Workers: 10
 Periodic GC: Disabled
Heap:
 garbage-first heap   total reserved 2097152K, committed 230400K, used 182147K [0x0000000080000000, 0x0000000100000000)
  region size 1024K, 47 young (48128K), 6 survivors (6144K)
 Metaspace       used 125102K, committed 127616K, reserved 557056K
  class space    used 16490K, committed 17664K, reserved 425984K
GC Heap History (20 events):
Event: 13.161 GC heap before
{Heap before GC invocations=30 (full 0):
 garbage-first heap   total reserved 2097152K, committed 158720K, used 145090K [0x0000000080000000, 0x0000000100000000)
  region size 1024K, 50 young (51200K), 4 survivors (4096K)
 Metaspace       used 109116K, committed 111488K, reserved 557056K
  class space    used 14678K, committed 15808K, reserved 425984K
}
Event: 13.168 GC heap after
{Heap after GC invocations=31 (full 0):
 garbage-first heap   total reserved 2097152K, committed 158720K, used 94370K [0x0000000080000000, 0x0000000100000000)
  region size 1024K, 7 young (7168K), 7 survivors (7168K)
 Metaspace       used 109116K, committed 111488K, reserved 557056K
  class space    used 14678K, committed 15808K, reserved 425984K
}
Event: 14.250 GC heap before
{Heap before GC invocations=31 (full 0):
 garbage-first heap   total reserved 2097152K, committed 158720K, used 141474K [0x0000000080000000, 0x0000000100000000)
  region size 1024K, 53 young (54272K), 7 survivors (7168K)
 Metaspace       used 111943K, committed 114304K, reserved 557056K
  class space    used 14979K, committed 16128K, reserved 425984K
}
Event: 14.258 GC heap after
{Heap after GC invocations=32 (full 0):
 garbage-first heap   total reserved 2097152K, committed 158720K, used 100870K [0x0000000080000000, 0x0000000100000000)
  region size 1024K, 7 young (7168K), 7 survivors (7168K)
 Metaspace       used 111943K, committed 114304K, reserved 557056K
  class space    used 14979K, committed 16128K, reserved 425984K
}
Event: 14.727 GC heap before
{Heap before GC invocations=33 (full 0):
 garbage-first heap   total reserved 2097152K, committed 168960K, used 138758K [0x0000000080000000, 0x0000000100000000)
  region size 1024K, 46 young (47104K), 7 survivors (7168K)
 Metaspace       used 112831K, committed 115264K, reserved 557056K
  class space    used 15099K, committed 16256K, reserved 425984K
}
Event: 14.733 GC heap after
{Heap after GC invocations=34 (full 0):
 garbage-first heap   total reserved 2097152K, committed 168960K, used 106122K [0x0000000080000000, 0x0000000100000000)
  region size 1024K, 6 young (6144K), 6 survivors (6144K)
 Metaspace       used 112831K, committed 115264K, reserved 557056K
  class space    used 15099K, committed 16256K, reserved 425984K
}
Event: 14.950 GC heap before
{Heap before GC invocations=34 (full 0):
 garbage-first heap   total reserved 2097152K, committed 168960K, used 151178K [0x0000000080000000, 0x0000000100000000)
  region size 1024K, 51 young (52224K), 6 survivors (6144K)
 Metaspace       used 113252K, committed 115648K, reserved 557056K
  class space    used 15123K, committed 16256K, reserved 425984K
}
Event: 14.956 GC heap after
{Heap after GC invocations=35 (full 0):
 garbage-first heap   total reserved 2097152K, committed 202752K, used 98501K [0x0000000080000000, 0x0000000100000000)
  region size 1024K, 4 young (4096K), 4 survivors (4096K)
 Metaspace       used 113252K, committed 115648K, reserved 557056K
  class space    used 15123K, committed 16256K, reserved 425984K
}
Event: 15.229 GC heap before
{Heap before GC invocations=35 (full 0):
 garbage-first heap   total reserved 2097152K, committed 202752K, used 175301K [0x0000000080000000, 0x0000000100000000)
  region size 1024K, 80 young (81920K), 4 survivors (4096K)
 Metaspace       used 113383K, committed 115712K, reserved 557056K
  class space    used 15123K, committed 16256K, reserved 425984K
}
Event: 15.233 GC heap after
{Heap after GC invocations=36 (full 0):
 garbage-first heap   total reserved 2097152K, committed 202752K, used 99979K [0x0000000080000000, 0x0000000100000000)
  region size 1024K, 6 young (6144K), 6 survivors (6144K)
 Metaspace       used 113383K, committed 115712K, reserved 557056K
  class space    used 15123K, committed 16256K, reserved 425984K
}
Event: 15.389 GC heap before
{Heap before GC invocations=36 (full 0):
 garbage-first heap   total reserved 2097152K, committed 202752K, used 121483K [0x0000000080000000, 0x0000000100000000)
  region size 1024K, 28 young (28672K), 6 survivors (6144K)
 Metaspace       used 113544K, committed 115904K, reserved 557056K
  class space    used 15145K, committed 16320K, reserved 425984K
}
Event: 15.393 GC heap after
{Heap after GC invocations=37 (full 0):
 garbage-first heap   total reserved 2097152K, committed 202752K, used 100698K [0x0000000080000000, 0x0000000100000000)
  region size 1024K, 6 young (6144K), 6 survivors (6144K)
 Metaspace       used 113544K, committed 115904K, reserved 557056K
  class space    used 15145K, committed 16320K, reserved 425984K
}
Event: 15.918 GC heap before
{Heap before GC invocations=38 (full 0):
 garbage-first heap   total reserved 2097152K, committed 202752K, used 199002K [0x0000000080000000, 0x0000000100000000)
  region size 1024K, 85 young (87040K), 6 survivors (6144K)
 Metaspace       used 113616K, committed 116096K, reserved 557056K
  class space    used 15145K, committed 16320K, reserved 425984K
}
Event: 15.935 GC heap after
{Heap after GC invocations=39 (full 0):
 garbage-first heap   total reserved 2097152K, committed 227328K, used 130283K [0x0000000080000000, 0x0000000100000000)
  region size 1024K, 11 young (11264K), 11 survivors (11264K)
 Metaspace       used 113616K, committed 116096K, reserved 557056K
  class space    used 15145K, committed 16320K, reserved 425984K
}
Event: 16.442 GC heap before
{Heap before GC invocations=39 (full 0):
 garbage-first heap   total reserved 2097152K, committed 227328K, used 199915K [0x0000000080000000, 0x0000000100000000)
  region size 1024K, 76 young (77824K), 11 survivors (11264K)
 Metaspace       used 114429K, committed 116800K, reserved 557056K
  class space    used 15214K, committed 16384K, reserved 425984K
}
Event: 16.450 GC heap after
{Heap after GC invocations=40 (full 0):
 garbage-first heap   total reserved 2097152K, committed 227328K, used 131654K [0x0000000080000000, 0x0000000100000000)
  region size 1024K, 9 young (9216K), 9 survivors (9216K)
 Metaspace       used 114429K, committed 116800K, reserved 557056K
  class space    used 15214K, committed 16384K, reserved 425984K
}
Event: 16.513 GC heap before
{Heap before GC invocations=40 (full 0):
 garbage-first heap   total reserved 2097152K, committed 227328K, used 134726K [0x0000000080000000, 0x0000000100000000)
  region size 1024K, 13 young (13312K), 9 survivors (9216K)
 Metaspace       used 114459K, committed 116864K, reserved 557056K
  class space    used 15218K, committed 16384K, reserved 425984K
}
Event: 16.516 GC heap after
{Heap after GC invocations=41 (full 0):
 garbage-first heap   total reserved 2097152K, committed 227328K, used 135658K [0x0000000080000000, 0x0000000100000000)
  region size 1024K, 4 young (4096K), 4 survivors (4096K)
 Metaspace       used 114459K, committed 116864K, reserved 557056K
  class space    used 15218K, committed 16384K, reserved 425984K
}
Event: 18.238 GC heap before
{Heap before GC invocations=42 (full 0):
 garbage-first heap   total reserved 2097152K, committed 230400K, used 200170K [0x0000000080000000, 0x0000000100000000)
  region size 1024K, 64 young (65536K), 4 survivors (4096K)
 Metaspace       used 119555K, committed 122048K, reserved 557056K
  class space    used 15785K, committed 16960K, reserved 425984K
}
Event: 18.241 GC heap after
{Heap after GC invocations=43 (full 0):
 garbage-first heap   total reserved 2097152K, committed 230400K, used 141187K [0x0000000080000000, 0x0000000100000000)
  region size 1024K, 6 young (6144K), 6 survivors (6144K)
 Metaspace       used 119555K, committed 122048K, reserved 557056K
  class space    used 15785K, committed 16960K, reserved 425984K
}

