# JRE version: OpenJDK Runtime Environment (21.0.8) (build 21.0.8+-14196175-b1038.72)
# Java VM: OpenJDK 64-Bit Server VM (21.0.8+-14196175-b1038.72, mixed mode, tiered, compressed oops, compressed class ptrs, g1 gc, windows-amd64)
GC Precious Log:
 CardTable entry size: 512
 Card Set container configuration: InlinePtr #cards 5 size 8 Array Of Cards #cards 12 size 40 Howl #buckets 4 coarsen threshold 1843 Howl Bitmap #cards 512 size 80 coarsen threshold 460 Card regions per heap region 1 cards per card region 2048
 CPUs: 12 total, 12 available
 Memory: 5996M
 Large Page Support: Disabled
 NUMA Support: Disabled
 Compressed Oops: Enabled (32-bit)
 Heap Region Size: 1M
 Heap Min Capacity: 8M
 Heap Initial Capacity: 94M
 Heap Max Capacity: 1G
 Pre-touch: Disabled
 Parallel Workers: 10
 Concurrent Workers: 3
 Concurrent Refinement Workers: 10
 Periodic GC: Disabled
Heap:
 garbage-first heap   total 214016K, used 181360K [0x00000000c0000000, 0x0000000100000000)
  region size 1024K, 56 young (57344K), 3 survivors (3072K)
 Metaspace       used 85763K, committed 87616K, reserved 344064K
  class space    used 11878K, committed 12800K, reserved 212992K
GC Heap History (20 events):
Event: 15.346 GC heap before
{Heap before GC invocations=21 (full 0):
 garbage-first heap   total 128000K, used 126139K [0x00000000c0000000, 0x0000000100000000)
  region size 1024K, 38 young (38912K), 4 survivors (4096K)
 Metaspace       used 60620K, committed 62208K, reserved 278528K
  class space    used 8434K, committed 9216K, reserved 212992K
}
Event: 15.356 GC heap after
{Heap after GC invocations=22 (full 0):
 garbage-first heap   total 136192K, used 94444K [0x00000000c0000000, 0x0000000100000000)
  region size 1024K, 6 young (6144K), 6 survivors (6144K)
 Metaspace       used 60620K, committed 62208K, reserved 278528K
  class space    used 8434K, committed 9216K, reserved 212992K
}
Event: 15.651 GC heap before
{Heap before GC invocations=22 (full 0):
 garbage-first heap   total 136192K, used 121068K [0x00000000c0000000, 0x0000000100000000)
  region size 1024K, 32 young (32768K), 6 survivors (6144K)
 Metaspace       used 61355K, committed 62976K, reserved 278528K
  class space    used 8569K, committed 9344K, reserved 212992K
}
Event: 15.654 GC heap after
{Heap after GC invocations=23 (full 0):
 garbage-first heap   total 136192K, used 94789K [0x00000000c0000000, 0x0000000100000000)
  region size 1024K, 1 young (1024K), 1 survivors (1024K)
 Metaspace       used 61355K, committed 62976K, reserved 278528K
  class space    used 8569K, committed 9344K, reserved 212992K
}
Event: 16.805 GC heap before
{Heap before GC invocations=23 (full 0):
 garbage-first heap   total 136192K, used 126533K [0x00000000c0000000, 0x0000000100000000)
  region size 1024K, 32 young (32768K), 1 survivors (1024K)
 Metaspace       used 65551K, committed 67200K, reserved 278528K
  class space    used 9151K, committed 9984K, reserved 212992K
}
Event: 16.808 GC heap after
{Heap after GC invocations=24 (full 0):
 garbage-first heap   total 136192K, used 95416K [0x00000000c0000000, 0x0000000100000000)
  region size 1024K, 2 young (2048K), 2 survivors (2048K)
 Metaspace       used 65551K, committed 67200K, reserved 278528K
  class space    used 9151K, committed 9984K, reserved 212992K
}
Event: 17.732 GC heap before
{Heap before GC invocations=25 (full 0):
 garbage-first heap   total 160768K, used 124088K [0x00000000c0000000, 0x0000000100000000)
  region size 1024K, 30 young (30720K), 2 survivors (2048K)
 Metaspace       used 69339K, committed 71040K, reserved 278528K
  class space    used 9760K, committed 10624K, reserved 212992K
}
Event: 17.774 GC heap after
{Heap after GC invocations=26 (full 0):
 garbage-first heap   total 160768K, used 96963K [0x00000000c0000000, 0x0000000100000000)
  region size 1024K, 3 young (3072K), 3 survivors (3072K)
 Metaspace       used 69339K, committed 71040K, reserved 278528K
  class space    used 9760K, committed 10624K, reserved 212992K
}
Event: 20.200 GC heap before
{Heap before GC invocations=26 (full 0):
 garbage-first heap   total 160768K, used 148163K [0x00000000c0000000, 0x0000000100000000)
  region size 1024K, 53 young (54272K), 3 survivors (3072K)
 Metaspace       used 74176K, committed 75968K, reserved 278528K
  class space    used 10532K, committed 11392K, reserved 212992K
}
Event: 20.208 GC heap after
{Heap after GC invocations=27 (full 0):
 garbage-first heap   total 160768K, used 100233K [0x00000000c0000000, 0x0000000100000000)
  region size 1024K, 7 young (7168K), 7 survivors (7168K)
 Metaspace       used 74176K, committed 75968K, reserved 278528K
  class space    used 10532K, committed 11392K, reserved 212992K
}
Event: 23.313 GC heap before
{Heap before GC invocations=27 (full 0):
 garbage-first heap   total 160768K, used 142217K [0x00000000c0000000, 0x0000000100000000)
  region size 1024K, 49 young (50176K), 7 survivors (7168K)
 Metaspace       used 74964K, committed 76736K, reserved 344064K
  class space    used 10561K, committed 11456K, reserved 212992K
}
Event: 23.321 GC heap after
{Heap after GC invocations=28 (full 0):
 garbage-first heap   total 160768K, used 103660K [0x00000000c0000000, 0x0000000100000000)
  region size 1024K, 4 young (4096K), 4 survivors (4096K)
 Metaspace       used 74964K, committed 76736K, reserved 344064K
  class space    used 10561K, committed 11456K, reserved 212992K
}
Event: 26.815 GC heap before
{Heap before GC invocations=29 (full 0):
 garbage-first heap   total 174080K, used 145644K [0x00000000c0000000, 0x0000000100000000)
  region size 1024K, 46 young (47104K), 4 survivors (4096K)
 Metaspace       used 75039K, committed 76864K, reserved 344064K
  class space    used 10562K, committed 11456K, reserved 212992K
}
Event: 26.819 GC heap after
{Heap after GC invocations=30 (full 0):
 garbage-first heap   total 174080K, used 104524K [0x00000000c0000000, 0x0000000100000000)
  region size 1024K, 5 young (5120K), 5 survivors (5120K)
 Metaspace       used 75039K, committed 76864K, reserved 344064K
  class space    used 10562K, committed 11456K, reserved 212992K
}
Event: 31.298 GC heap before
{Heap before GC invocations=30 (full 0):
 garbage-first heap   total 174080K, used 171084K [0x00000000c0000000, 0x0000000100000000)
  region size 1024K, 58 young (59392K), 5 survivors (5120K)
 Metaspace       used 75486K, committed 77312K, reserved 344064K
  class space    used 10615K, committed 11520K, reserved 212992K
}
Event: 31.330 GC heap after
{Heap after GC invocations=31 (full 0):
 garbage-first heap   total 185344K, used 123855K [0x00000000c0000000, 0x0000000100000000)
  region size 1024K, 8 young (8192K), 8 survivors (8192K)
 Metaspace       used 75486K, committed 77312K, reserved 344064K
  class space    used 10615K, committed 11520K, reserved 212992K
}
Event: 31.508 GC heap before
{Heap before GC invocations=31 (full 0):
 garbage-first heap   total 185344K, used 131023K [0x00000000c0000000, 0x0000000100000000)
  region size 1024K, 16 young (16384K), 8 survivors (8192K)
 Metaspace       used 76013K, committed 77824K, reserved 344064K
  class space    used 10665K, committed 11584K, reserved 212992K
}
Event: 31.512 GC heap after
{Heap after GC invocations=32 (full 0):
 garbage-first heap   total 185344K, used 125941K [0x00000000c0000000, 0x0000000100000000)
  region size 1024K, 2 young (2048K), 2 survivors (2048K)
 Metaspace       used 76013K, committed 77824K, reserved 344064K
  class space    used 10665K, committed 11584K, reserved 212992K
}
Event: 33.375 GC heap before
{Heap before GC invocations=33 (full 0):
 garbage-first heap   total 214016K, used 172021K [0x00000000c0000000, 0x0000000100000000)
  region size 1024K, 46 young (47104K), 2 survivors (2048K)
 Metaspace       used 80077K, committed 81984K, reserved 344064K
  class space    used 11145K, committed 12096K, reserved 212992K
}
Event: 33.378 GC heap after
{Heap after GC invocations=34 (full 0):
 garbage-first heap   total 214016K, used 128112K [0x00000000c0000000, 0x0000000100000000)
  region size 1024K, 3 young (3072K), 3 survivors (3072K)
 Metaspace       used 80077K, committed 81984K, reserved 344064K
  class space    used 11145K, committed 12096K, reserved 212992K
}

