# JRE version: OpenJDK Runtime Environment (21.0.8) (build 21.0.8+-14196175-b1038.72)
# Java VM: OpenJDK 64-Bit Server VM (21.0.8+-14196175-b1038.72, mixed mode, tiered, compressed oops, compressed class ptrs, g1 gc, windows-amd64)
GC Precious Log:
 CardTable entry size: 512
 Card Set container configuration: InlinePtr #cards 5 size 8 Array Of Cards #cards 12 size 40 Howl #buckets 4 coarsen threshold 1843 Howl Bitmap #cards 512 size 80 coarsen threshold 460 Card regions per heap region 1 cards per card region 2048
 CPUs: 12 total, 12 available
 Memory: 5996M
 Large Page Support: Disabled
 NUMA Support: Disabled
 Compressed Oops: Enabled (32-bit)
 Heap Region Size: 1M
 Heap Min Capacity: 8M
 Heap Initial Capacity: 94M
 Heap Max Capacity: 1G
 Pre-touch: Disabled
 Parallel Workers: 10
 Concurrent Workers: 3
 Concurrent Refinement Workers: 10
 Periodic GC: Disabled
Heap:
 garbage-first heap   total 258048K, used 158857K [0x00000000c0000000, 0x0000000100000000)
  region size 1024K, 2 young (2048K), 2 survivors (2048K)
 Metaspace       used 131401K, committed 133696K, reserved 344064K
  class space    used 17897K, committed 19008K, reserved 212992K
GC Heap History (20 events):
Event: 22.392 GC heap after
{Heap after GC invocations=56 (full 0):
 garbage-first heap   total 199680K, used 135833K [0x00000000c0000000, 0x0000000100000000)
  region size 1024K, 5 young (5120K), 5 survivors (5120K)
 Metaspace       used 123308K, committed 125568K, reserved 344064K
  class space    used 17167K, committed 18304K, reserved 212992K
}
Event: 22.875 GC heap before
{Heap before GC invocations=57 (full 0):
 garbage-first heap   total 227328K, used 180889K [0x00000000c0000000, 0x0000000100000000)
  region size 1024K, 50 young (51200K), 5 survivors (5120K)
 Metaspace       used 123444K, committed 125760K, reserved 344064K
  class space    used 17180K, committed 18304K, reserved 212992K
}
Event: 22.879 GC heap after
{Heap after GC invocations=58 (full 0):
 garbage-first heap   total 227328K, used 137679K [0x00000000c0000000, 0x0000000100000000)
  region size 1024K, 5 young (5120K), 5 survivors (5120K)
 Metaspace       used 123444K, committed 125760K, reserved 344064K
  class space    used 17180K, committed 18304K, reserved 212992K
}
Event: 23.388 GC heap before
{Heap before GC invocations=58 (full 0):
 garbage-first heap   total 227328K, used 206287K [0x00000000c0000000, 0x0000000100000000)
  region size 1024K, 73 young (74752K), 5 survivors (5120K)
 Metaspace       used 123806K, committed 126080K, reserved 344064K
  class space    used 17218K, committed 18368K, reserved 212992K
}
Event: 23.396 GC heap after
{Heap after GC invocations=59 (full 0):
 garbage-first heap   total 227328K, used 137922K [0x00000000c0000000, 0x0000000100000000)
  region size 1024K, 8 young (8192K), 8 survivors (8192K)
 Metaspace       used 123806K, committed 126080K, reserved 344064K
  class space    used 17218K, committed 18368K, reserved 212992K
}
Event: 23.849 GC heap before
{Heap before GC invocations=59 (full 0):
 garbage-first heap   total 227328K, used 205506K [0x00000000c0000000, 0x0000000100000000)
  region size 1024K, 74 young (75776K), 8 survivors (8192K)
 Metaspace       used 123907K, committed 126208K, reserved 344064K
  class space    used 17227K, committed 18368K, reserved 212992K
}
Event: 23.855 GC heap after
{Heap after GC invocations=60 (full 0):
 garbage-first heap   total 227328K, used 139887K [0x00000000c0000000, 0x0000000100000000)
  region size 1024K, 5 young (5120K), 5 survivors (5120K)
 Metaspace       used 123907K, committed 126208K, reserved 344064K
  class space    used 17227K, committed 18368K, reserved 212992K
}
Event: 24.412 GC heap before
{Heap before GC invocations=61 (full 0):
 garbage-first heap   total 235520K, used 208495K [0x00000000c0000000, 0x0000000100000000)
  region size 1024K, 72 young (73728K), 5 survivors (5120K)
 Metaspace       used 124683K, committed 126912K, reserved 344064K
  class space    used 17332K, committed 18432K, reserved 212992K
}
Event: 24.417 GC heap after
{Heap after GC invocations=62 (full 0):
 garbage-first heap   total 235520K, used 142548K [0x00000000c0000000, 0x0000000100000000)
  region size 1024K, 8 young (8192K), 8 survivors (8192K)
 Metaspace       used 124683K, committed 126912K, reserved 344064K
  class space    used 17332K, committed 18432K, reserved 212992K
}
Event: 34.431 GC heap before
{Heap before GC invocations=62 (full 0):
 garbage-first heap   total 235520K, used 212180K [0x00000000c0000000, 0x0000000100000000)
  region size 1024K, 77 young (78848K), 8 survivors (8192K)
 Metaspace       used 130800K, committed 133056K, reserved 344064K
  class space    used 17892K, committed 19008K, reserved 212992K
}
Event: 34.439 GC heap after
{Heap after GC invocations=63 (full 0):
 garbage-first heap   total 235520K, used 142410K [0x00000000c0000000, 0x0000000100000000)
  region size 1024K, 7 young (7168K), 7 survivors (7168K)
 Metaspace       used 130800K, committed 133056K, reserved 344064K
  class space    used 17892K, committed 19008K, reserved 212992K
}
Event: 35.148 GC heap before
{Heap before GC invocations=63 (full 0):
 garbage-first heap   total 235520K, used 214090K [0x00000000c0000000, 0x0000000100000000)
  region size 1024K, 78 young (79872K), 7 survivors (7168K)
 Metaspace       used 131340K, committed 133632K, reserved 344064K
  class space    used 17896K, committed 19008K, reserved 212992K
}
Event: 36.100 GC heap after
{Heap after GC invocations=64 (full 0):
 garbage-first heap   total 235520K, used 151829K [0x00000000c0000000, 0x0000000100000000)
  region size 1024K, 10 young (10240K), 10 survivors (10240K)
 Metaspace       used 131340K, committed 133632K, reserved 344064K
  class space    used 17896K, committed 19008K, reserved 212992K
}
Event: 36.114 GC heap before
{Heap before GC invocations=64 (full 0):
 garbage-first heap   total 235520K, used 152853K [0x00000000c0000000, 0x0000000100000000)
  region size 1024K, 11 young (11264K), 10 survivors (10240K)
 Metaspace       used 131340K, committed 133632K, reserved 344064K
  class space    used 17896K, committed 19008K, reserved 212992K
}
Event: 36.120 GC heap after
{Heap after GC invocations=65 (full 0):
 garbage-first heap   total 235520K, used 153779K [0x00000000c0000000, 0x0000000100000000)
  region size 1024K, 2 young (2048K), 2 survivors (2048K)
 Metaspace       used 131340K, committed 133632K, reserved 344064K
  class space    used 17896K, committed 19008K, reserved 212992K
}
Event: 37.234 GC heap before
{Heap before GC invocations=65 (full 0):
 garbage-first heap   total 258048K, used 164019K [0x00000000c0000000, 0x0000000100000000)
  region size 1024K, 12 young (12288K), 2 survivors (2048K)
 Metaspace       used 131341K, committed 133632K, reserved 344064K
  class space    used 17896K, committed 19008K, reserved 212992K
}
Event: 37.237 GC heap after
{Heap after GC invocations=66 (full 0):
 garbage-first heap   total 258048K, used 156347K [0x00000000c0000000, 0x0000000100000000)
  region size 1024K, 2 young (2048K), 2 survivors (2048K)
 Metaspace       used 131341K, committed 133632K, reserved 344064K
  class space    used 17896K, committed 19008K, reserved 212992K
}
Event: 37.302 GC heap before
{Heap before GC invocations=67 (full 0):
 garbage-first heap   total 258048K, used 165563K [0x00000000c0000000, 0x0000000100000000)
  region size 1024K, 12 young (12288K), 2 survivors (2048K)
 Metaspace       used 131370K, committed 133632K, reserved 344064K
  class space    used 17897K, committed 19008K, reserved 212992K
}
Event: 37.305 GC heap after
{Heap after GC invocations=68 (full 0):
 garbage-first heap   total 258048K, used 157831K [0x00000000c0000000, 0x0000000100000000)
  region size 1024K, 2 young (2048K), 2 survivors (2048K)
 Metaspace       used 131370K, committed 133632K, reserved 344064K
  class space    used 17897K, committed 19008K, reserved 212992K
}
Event: 37.395 GC heap before
{Heap before GC invocations=68 (full 0):
 garbage-first heap   total 258048K, used 168071K [0x00000000c0000000, 0x0000000100000000)
  region size 1024K, 12 young (12288K), 2 survivors (2048K)
 Metaspace       used 131401K, committed 133696K, reserved 344064K
  class space    used 17897K, committed 19008K, reserved 212992K
}

