# JRE version: OpenJDK Runtime Environment (21.0.8) (build 21.0.8+-14196175-b1038.72)
# Java VM: OpenJDK 64-Bit Server VM (21.0.8+-14196175-b1038.72, mixed mode, tiered, compressed oops, compressed class ptrs, g1 gc, windows-amd64)
GC Precious Log:
 CardTable entry size: 512
 Card Set container configuration: InlinePtr #cards 5 size 8 Array Of Cards #cards 12 size 40 Howl #buckets 4 coarsen threshold 1843 Howl Bitmap #cards 512 size 80 coarsen threshold 460 Card regions per heap region 1 cards per card region 2048
 CPUs: 12 total, 12 available
 Memory: 5996M
 Large Page Support: Disabled
 NUMA Support: Disabled
 Compressed Oops: Enabled (32-bit)
 Heap Region Size: 1M
 Heap Min Capacity: 8M
 Heap Initial Capacity: 94M
 Heap Max Capacity: 2G
 Pre-touch: Disabled
 Parallel Workers: 10
 Concurrent Workers: 3
 Concurrent Refinement Workers: 10
 Periodic GC: Disabled
Heap:
 garbage-first heap   total 211968K, used 206799K [0x0000000080000000, 0x0000000100000000)
  region size 1024K, 85 young (87040K), 4 survivors (4096K)
 Metaspace       used 81246K, committed 83136K, reserved 1179648K
  class space    used 11264K, committed 12224K, reserved 1048576K
GC Heap History (20 events):
Event: 7.574 GC heap after
{Heap after GC invocations=16 (full 0):
 garbage-first heap   total 132096K, used 70945K [0x0000000080000000, 0x0000000100000000)
  region size 1024K, 2 young (2048K), 2 survivors (2048K)
 Metaspace       used 52472K, committed 53760K, reserved 1114112K
  class space    used 7252K, committed 7872K, reserved 1048576K
}
Event: 8.543 GC heap before
{Heap before GC invocations=17 (full 0):
 garbage-first heap   total 132096K, used 119073K [0x0000000080000000, 0x0000000100000000)
  region size 1024K, 47 young (48128K), 2 survivors (2048K)
 Metaspace       used 57480K, committed 59008K, reserved 1114112K
  class space    used 8129K, committed 8896K, reserved 1048576K
}
Event: 8.547 GC heap after
{Heap after GC invocations=18 (full 0):
 garbage-first heap   total 132096K, used 76545K [0x0000000080000000, 0x0000000100000000)
  region size 1024K, 6 young (6144K), 6 survivors (6144K)
 Metaspace       used 57480K, committed 59008K, reserved 1114112K
  class space    used 8129K, committed 8896K, reserved 1048576K
}
Event: 9.090 GC heap before
{Heap before GC invocations=18 (full 0):
 garbage-first heap   total 132096K, used 129793K [0x0000000080000000, 0x0000000100000000)
  region size 1024K, 43 young (44032K), 6 survivors (6144K)
 Metaspace       used 60336K, committed 61952K, reserved 1114112K
  class space    used 8400K, committed 9152K, reserved 1048576K
}
Event: 9.097 GC heap after
{Heap after GC invocations=19 (full 0):
 garbage-first heap   total 143360K, used 95488K [0x0000000080000000, 0x0000000100000000)
  region size 1024K, 6 young (6144K), 6 survivors (6144K)
 Metaspace       used 60336K, committed 61952K, reserved 1114112K
  class space    used 8400K, committed 9152K, reserved 1048576K
}
Event: 9.377 GC heap before
{Heap before GC invocations=19 (full 0):
 garbage-first heap   total 143360K, used 129280K [0x0000000080000000, 0x0000000100000000)
  region size 1024K, 39 young (39936K), 6 survivors (6144K)
 Metaspace       used 62115K, committed 63744K, reserved 1114112K
  class space    used 8673K, committed 9472K, reserved 1048576K
}
Event: 9.380 GC heap after
{Heap after GC invocations=20 (full 0):
 garbage-first heap   total 143360K, used 96422K [0x0000000080000000, 0x0000000100000000)
  region size 1024K, 2 young (2048K), 2 survivors (2048K)
 Metaspace       used 62115K, committed 63744K, reserved 1114112K
  class space    used 8673K, committed 9472K, reserved 1048576K
}
Event: 9.898 GC heap before
{Heap before GC invocations=21 (full 0):
 garbage-first heap   total 162816K, used 131238K [0x0000000080000000, 0x0000000100000000)
  region size 1024K, 36 young (36864K), 2 survivors (2048K)
 Metaspace       used 66890K, committed 68544K, reserved 1114112K
  class space    used 9377K, committed 10176K, reserved 1048576K
}
Event: 9.901 GC heap after
{Heap after GC invocations=22 (full 0):
 garbage-first heap   total 162816K, used 97587K [0x0000000080000000, 0x0000000100000000)
  region size 1024K, 3 young (3072K), 3 survivors (3072K)
 Metaspace       used 66890K, committed 68544K, reserved 1114112K
  class space    used 9377K, committed 10176K, reserved 1048576K
}
Event: 10.665 GC heap before
{Heap before GC invocations=22 (full 0):
 garbage-first heap   total 162816K, used 149811K [0x0000000080000000, 0x0000000100000000)
  region size 1024K, 54 young (55296K), 3 survivors (3072K)
 Metaspace       used 72440K, committed 74176K, reserved 1114112K
  class space    used 10286K, committed 11136K, reserved 1048576K
}
Event: 10.670 GC heap after
{Heap after GC invocations=23 (full 0):
 garbage-first heap   total 162816K, used 100438K [0x0000000080000000, 0x0000000100000000)
  region size 1024K, 7 young (7168K), 7 survivors (7168K)
 Metaspace       used 72440K, committed 74176K, reserved 1114112K
  class space    used 10286K, committed 11136K, reserved 1048576K
}
Event: 11.274 GC heap before
{Heap before GC invocations=23 (full 0):
 garbage-first heap   total 162816K, used 144470K [0x0000000080000000, 0x0000000100000000)
  region size 1024K, 51 young (52224K), 7 survivors (7168K)
 Metaspace       used 74463K, committed 76288K, reserved 1179648K
  class space    used 10523K, committed 11392K, reserved 1048576K
}
Event: 11.281 GC heap after
{Heap after GC invocations=24 (full 0):
 garbage-first heap   total 162816K, used 105103K [0x0000000080000000, 0x0000000100000000)
  region size 1024K, 7 young (7168K), 7 survivors (7168K)
 Metaspace       used 74463K, committed 76288K, reserved 1179648K
  class space    used 10523K, committed 11392K, reserved 1048576K
}
Event: 11.460 GC heap before
{Heap before GC invocations=25 (full 0):
 garbage-first heap   total 176128K, used 144015K [0x0000000080000000, 0x0000000100000000)
  region size 1024K, 46 young (47104K), 7 survivors (7168K)
 Metaspace       used 74696K, committed 76480K, reserved 1179648K
  class space    used 10523K, committed 11392K, reserved 1048576K
}
Event: 11.465 GC heap after
{Heap after GC invocations=26 (full 0):
 garbage-first heap   total 176128K, used 108173K [0x0000000080000000, 0x0000000100000000)
  region size 1024K, 4 young (4096K), 4 survivors (4096K)
 Metaspace       used 74696K, committed 76480K, reserved 1179648K
  class space    used 10523K, committed 11392K, reserved 1048576K
}
Event: 11.632 GC heap before
{Heap before GC invocations=26 (full 0):
 garbage-first heap   total 176128K, used 160397K [0x0000000080000000, 0x0000000100000000)
  region size 1024K, 56 young (57344K), 4 survivors (4096K)
 Metaspace       used 74848K, committed 76608K, reserved 1179648K
  class space    used 10524K, committed 11392K, reserved 1048576K
}
Event: 11.636 GC heap after
{Heap after GC invocations=27 (full 0):
 garbage-first heap   total 176128K, used 108188K [0x0000000080000000, 0x0000000100000000)
  region size 1024K, 5 young (5120K), 5 survivors (5120K)
 Metaspace       used 74848K, committed 76608K, reserved 1179648K
  class space    used 10524K, committed 11392K, reserved 1048576K
}
Event: 11.798 GC heap before
{Heap before GC invocations=27 (full 0):
 garbage-first heap   total 176128K, used 158364K [0x0000000080000000, 0x0000000100000000)
  region size 1024K, 55 young (56320K), 5 survivors (5120K)
 Metaspace       used 74910K, committed 76736K, reserved 1179648K
  class space    used 10532K, committed 11392K, reserved 1048576K
}
Event: 11.801 GC heap after
{Heap after GC invocations=28 (full 0):
 garbage-first heap   total 211968K, used 109519K [0x0000000080000000, 0x0000000100000000)
  region size 1024K, 5 young (5120K), 5 survivors (5120K)
 Metaspace       used 74910K, committed 76736K, reserved 1179648K
  class space    used 10532K, committed 11392K, reserved 1048576K
}
Event: 14.045 GC heap before
{Heap before GC invocations=29 (full 0):
 garbage-first heap   total 211968K, used 205775K [0x0000000080000000, 0x0000000100000000)
  region size 1024K, 86 young (88064K), 5 survivors (5120K)
 Metaspace       used 81246K, committed 83136K, reserved 1179648K
  class space    used 11264K, committed 12224K, reserved 1048576K
}

