# JRE version: OpenJDK Runtime Environment (21.0.8) (build 21.0.8+-14196175-b1038.72)
# Java VM: OpenJDK 64-Bit Server VM (21.0.8+-14196175-b1038.72, mixed mode, tiered, compressed oops, compressed class ptrs, g1 gc, windows-amd64)
GC Precious Log:
 CardTable entry size: 512
 Card Set container configuration: InlinePtr #cards 5 size 8 Array Of Cards #cards 12 size 40 Howl #buckets 4 coarsen threshold 1843 Howl Bitmap #cards 512 size 80 coarsen threshold 460 Card regions per heap region 1 cards per card region 2048
 CPUs: 12 total, 12 available
 Memory: 5996M
 Large Page Support: Disabled
 NUMA Support: Disabled
 Compressed Oops: Enabled (32-bit)
 Heap Region Size: 1M
 Heap Min Capacity: 8M
 Heap Initial Capacity: 94M
 Heap Max Capacity: 1G
 Pre-touch: Disabled
 Parallel Workers: 10
 Concurrent Workers: 3
 Concurrent Refinement Workers: 10
 Periodic GC: Disabled
Heap:
 garbage-first heap   total 348160K, used 231485K [0x00000000c0000000, 0x0000000100000000)
  region size 1024K, 49 young (50176K), 6 survivors (6144K)
 Metaspace       used 140707K, committed 143104K, reserved 344064K
  class space    used 19189K, committed 20352K, reserved 212992K
GC Heap History (20 events):
Event: 39.750 GC heap before
{Heap before GC invocations=56 (full 0):
 garbage-first heap   total 203776K, used 182770K [0x00000000c0000000, 0x0000000100000000)
  region size 1024K, 61 young (62464K), 6 survivors (6144K)
 Metaspace       used 123352K, committed 125504K, reserved 344064K
  class space    used 17133K, committed 18176K, reserved 212992K
}
Event: 39.761 GC heap after
{Heap after GC invocations=57 (full 0):
 garbage-first heap   total 203776K, used 135168K [0x00000000c0000000, 0x0000000100000000)
  region size 1024K, 8 young (8192K), 8 survivors (8192K)
 Metaspace       used 123352K, committed 125504K, reserved 344064K
  class space    used 17133K, committed 18176K, reserved 212992K
}
Event: 40.871 GC heap before
{Heap before GC invocations=57 (full 0):
 garbage-first heap   total 203776K, used 183296K [0x00000000c0000000, 0x0000000100000000)
  region size 1024K, 56 young (57344K), 8 survivors (8192K)
 Metaspace       used 123829K, committed 126080K, reserved 344064K
  class space    used 17234K, committed 18368K, reserved 212992K
}
Event: 40.879 GC heap after
{Heap after GC invocations=58 (full 0):
 garbage-first heap   total 203776K, used 137742K [0x00000000c0000000, 0x0000000100000000)
  region size 1024K, 5 young (5120K), 5 survivors (5120K)
 Metaspace       used 123829K, committed 126080K, reserved 344064K
  class space    used 17234K, committed 18368K, reserved 212992K
}
Event: 42.298 GC heap before
{Heap before GC invocations=59 (full 0):
 garbage-first heap   total 230400K, used 184846K [0x00000000c0000000, 0x0000000100000000)
  region size 1024K, 52 young (53248K), 5 survivors (5120K)
 Metaspace       used 124762K, committed 126976K, reserved 344064K
  class space    used 17347K, committed 18432K, reserved 212992K
}
Event: 42.303 GC heap after
{Heap after GC invocations=60 (full 0):
 garbage-first heap   total 230400K, used 139869K [0x00000000c0000000, 0x0000000100000000)
  region size 1024K, 5 young (5120K), 5 survivors (5120K)
 Metaspace       used 124762K, committed 126976K, reserved 344064K
  class space    used 17347K, committed 18432K, reserved 212992K
}
Event: 44.515 GC heap before
{Heap before GC invocations=60 (full 0):
 garbage-first heap   total 230400K, used 209501K [0x00000000c0000000, 0x0000000100000000)
  region size 1024K, 74 young (75776K), 5 survivors (5120K)
 Metaspace       used 126798K, committed 129024K, reserved 344064K
  class space    used 17611K, committed 18688K, reserved 212992K
}
Event: 44.523 GC heap after
{Heap after GC invocations=61 (full 0):
 garbage-first heap   total 230400K, used 144077K [0x00000000c0000000, 0x0000000100000000)
  region size 1024K, 9 young (9216K), 9 survivors (9216K)
 Metaspace       used 126798K, committed 129024K, reserved 344064K
  class space    used 17611K, committed 18688K, reserved 212992K
}
Event: 45.770 GC heap before
{Heap before GC invocations=61 (full 0):
 garbage-first heap   total 230400K, used 207565K [0x00000000c0000000, 0x0000000100000000)
  region size 1024K, 72 young (73728K), 9 survivors (9216K)
 Metaspace       used 127789K, committed 130112K, reserved 344064K
  class space    used 17730K, committed 18880K, reserved 212992K
}
Event: 45.779 GC heap after
{Heap after GC invocations=62 (full 0):
 garbage-first heap   total 230400K, used 145727K [0x00000000c0000000, 0x0000000100000000)
  region size 1024K, 6 young (6144K), 6 survivors (6144K)
 Metaspace       used 127789K, committed 130112K, reserved 344064K
  class space    used 17730K, committed 18880K, reserved 212992K
}
Event: 46.940 GC heap before
{Heap before GC invocations=62 (full 0):
 garbage-first heap   total 230400K, used 210239K [0x00000000c0000000, 0x0000000100000000)
  region size 1024K, 70 young (71680K), 6 survivors (6144K)
 Metaspace       used 128673K, committed 130944K, reserved 344064K
  class space    used 17843K, committed 18944K, reserved 212992K
}
Event: 46.947 GC heap after
{Heap after GC invocations=63 (full 0):
 garbage-first heap   total 230400K, used 148088K [0x00000000c0000000, 0x0000000100000000)
  region size 1024K, 5 young (5120K), 5 survivors (5120K)
 Metaspace       used 128673K, committed 130944K, reserved 344064K
  class space    used 17843K, committed 18944K, reserved 212992K
}
Event: 47.816 GC heap before
{Heap before GC invocations=64 (full 0):
 garbage-first heap   total 247808K, used 210552K [0x00000000c0000000, 0x0000000100000000)
  region size 1024K, 67 young (68608K), 5 survivors (5120K)
 Metaspace       used 129456K, committed 131712K, reserved 344064K
  class space    used 17935K, committed 19072K, reserved 212992K
}
Event: 47.820 GC heap after
{Heap after GC invocations=65 (full 0):
 garbage-first heap   total 247808K, used 150141K [0x00000000c0000000, 0x0000000100000000)
  region size 1024K, 7 young (7168K), 7 survivors (7168K)
 Metaspace       used 129456K, committed 131712K, reserved 344064K
  class space    used 17935K, committed 19072K, reserved 212992K
}
Event: 49.097 GC heap before
{Heap before GC invocations=65 (full 0):
 garbage-first heap   total 335872K, used 334461K [0x00000000c0000000, 0x0000000100000000)
  region size 1024K, 62 young (63488K), 7 survivors (7168K)
 Metaspace       used 133979K, committed 136256K, reserved 344064K
  class space    used 18348K, committed 19456K, reserved 212992K
}
Event: 49.111 GC heap after
{Heap after GC invocations=66 (full 0):
 garbage-first heap   total 348160K, used 239085K [0x00000000c0000000, 0x0000000100000000)
  region size 1024K, 8 young (8192K), 8 survivors (8192K)
 Metaspace       used 133979K, committed 136256K, reserved 344064K
  class space    used 18348K, committed 19456K, reserved 212992K
}
Event: 49.779 GC heap before
{Heap before GC invocations=66 (full 0):
 garbage-first heap   total 348160K, used 284141K [0x00000000c0000000, 0x0000000100000000)
  region size 1024K, 54 young (55296K), 8 survivors (8192K)
 Metaspace       used 136414K, committed 138752K, reserved 344064K
  class space    used 18637K, committed 19776K, reserved 212992K
}
Event: 49.788 GC heap after
{Heap after GC invocations=67 (full 0):
 garbage-first heap   total 348160K, used 151277K [0x00000000c0000000, 0x0000000100000000)
  region size 1024K, 5 young (5120K), 5 survivors (5120K)
 Metaspace       used 136414K, committed 138752K, reserved 344064K
  class space    used 18637K, committed 19776K, reserved 212992K
}
Event: 49.925 GC heap before
{Heap before GC invocations=67 (full 0):
 garbage-first heap   total 348160K, used 175853K [0x00000000c0000000, 0x0000000100000000)
  region size 1024K, 8 young (8192K), 5 survivors (5120K)
 Metaspace       used 136603K, committed 138880K, reserved 344064K
  class space    used 18657K, committed 19776K, reserved 212992K
}
Event: 49.961 GC heap after
{Heap after GC invocations=68 (full 0):
 garbage-first heap   total 348160K, used 174141K [0x00000000c0000000, 0x0000000100000000)
  region size 1024K, 6 young (6144K), 6 survivors (6144K)
 Metaspace       used 136603K, committed 138880K, reserved 344064K
  class space    used 18657K, committed 19776K, reserved 212992K
}

