# JRE version: OpenJDK Runtime Environment (21.0.8) (build 21.0.8+-14196175-b1038.72)
# Java VM: OpenJDK 64-Bit Server VM (21.0.8+-14196175-b1038.72, mixed mode, tiered, compressed oops, compressed class ptrs, g1 gc, windows-amd64)
GC Precious Log:
 CardTable entry size: 512
 Card Set container configuration: InlinePtr #cards 5 size 8 Array Of Cards #cards 12 size 40 Howl #buckets 4 coarsen threshold 1843 Howl Bitmap #cards 512 size 80 coarsen threshold 460 Card regions per heap region 1 cards per card region 2048
 CPUs: 12 total, 12 available
 Memory: 5996M
 Large Page Support: Disabled
 NUMA Support: Disabled
 Compressed Oops: Enabled (32-bit)
 Heap Region Size: 1M
 Heap Min Capacity: 8M
 Heap Initial Capacity: 94M
 Heap Max Capacity: 2G
 Pre-touch: Disabled
 Parallel Workers: 10
 Concurrent Workers: 3
 Concurrent Refinement Workers: 10
 Periodic GC: Disabled
Heap:
 garbage-first heap   total 270336K, used 165348K [0x0000000080000000, 0x0000000100000000)
  region size 1024K, 10 young (10240K), 10 survivors (10240K)
 Metaspace       used 140327K, committed 142528K, reserved 1179648K
  class space    used 18896K, committed 19968K, reserved 1048576K
GC Heap History (20 events):
Event: 97.265 GC heap after
{Heap after GC invocations=45 (full 0):
 garbage-first heap   total 193536K, used 121002K [0x0000000080000000, 0x0000000100000000)
  region size 1024K, 9 young (9216K), 9 survivors (9216K)
 Metaspace       used 122550K, committed 124800K, reserved 1179648K
  class space    used 16720K, committed 17856K, reserved 1048576K
}
Event: 98.316 GC heap before
{Heap before GC invocations=46 (full 0):
 garbage-first heap   total 203776K, used 172202K [0x0000000080000000, 0x0000000100000000)
  region size 1024K, 59 young (60416K), 9 survivors (9216K)
 Metaspace       used 127339K, committed 129600K, reserved 1179648K
  class space    used 17424K, committed 18560K, reserved 1048576K
}
Event: 98.327 GC heap after
{Heap after GC invocations=47 (full 0):
 garbage-first heap   total 203776K, used 124528K [0x0000000080000000, 0x0000000100000000)
  region size 1024K, 4 young (4096K), 4 survivors (4096K)
 Metaspace       used 127339K, committed 129600K, reserved 1179648K
  class space    used 17424K, committed 18560K, reserved 1048576K
}
Event: 99.009 GC heap before
{Heap before GC invocations=47 (full 0):
 garbage-first heap   total 203776K, used 188016K [0x0000000080000000, 0x0000000100000000)
  region size 1024K, 66 young (67584K), 4 survivors (4096K)
 Metaspace       used 129048K, committed 131264K, reserved 1179648K
  class space    used 17656K, committed 18752K, reserved 1048576K
}
Event: 99.017 GC heap after
{Heap after GC invocations=48 (full 0):
 garbage-first heap   total 203776K, used 130321K [0x0000000080000000, 0x0000000100000000)
  region size 1024K, 9 young (9216K), 9 survivors (9216K)
 Metaspace       used 129048K, committed 131264K, reserved 1179648K
  class space    used 17656K, committed 18752K, reserved 1048576K
}
Event: 100.010 GC heap before
{Heap before GC invocations=48 (full 0):
 garbage-first heap   total 203776K, used 181521K [0x0000000080000000, 0x0000000100000000)
  region size 1024K, 60 young (61440K), 9 survivors (9216K)
 Metaspace       used 129939K, committed 132224K, reserved 1179648K
  class space    used 17756K, committed 18880K, reserved 1048576K
}
Event: 100.022 GC heap after
{Heap after GC invocations=49 (full 0):
 garbage-first heap   total 203776K, used 140274K [0x0000000080000000, 0x0000000100000000)
  region size 1024K, 8 young (8192K), 8 survivors (8192K)
 Metaspace       used 129939K, committed 132224K, reserved 1179648K
  class space    used 17756K, committed 18880K, reserved 1048576K
}
Event: 100.537 GC heap before
{Heap before GC invocations=50 (full 0):
 garbage-first heap   total 234496K, used 182258K [0x0000000080000000, 0x0000000100000000)
  region size 1024K, 50 young (51200K), 8 survivors (8192K)
 Metaspace       used 129947K, committed 132224K, reserved 1179648K
  class space    used 17757K, committed 18880K, reserved 1048576K
}
Event: 100.544 GC heap after
{Heap after GC invocations=51 (full 0):
 garbage-first heap   total 234496K, used 144021K [0x0000000080000000, 0x0000000100000000)
  region size 1024K, 4 young (4096K), 4 survivors (4096K)
 Metaspace       used 129947K, committed 132224K, reserved 1179648K
  class space    used 17757K, committed 18880K, reserved 1048576K
}
Event: 101.203 GC heap before
{Heap before GC invocations=51 (full 0):
 garbage-first heap   total 234496K, used 212629K [0x0000000080000000, 0x0000000100000000)
  region size 1024K, 72 young (73728K), 4 survivors (4096K)
 Metaspace       used 131594K, committed 133888K, reserved 1179648K
  class space    used 18018K, committed 19136K, reserved 1048576K
}
Event: 101.210 GC heap after
{Heap after GC invocations=52 (full 0):
 garbage-first heap   total 234496K, used 143861K [0x0000000080000000, 0x0000000100000000)
  region size 1024K, 7 young (7168K), 7 survivors (7168K)
 Metaspace       used 131594K, committed 133888K, reserved 1179648K
  class space    used 18018K, committed 19136K, reserved 1048576K
}
Event: 102.823 GC heap before
{Heap before GC invocations=52 (full 0):
 garbage-first heap   total 234496K, used 212469K [0x0000000080000000, 0x0000000100000000)
  region size 1024K, 75 young (76800K), 7 survivors (7168K)
 Metaspace       used 133386K, committed 135744K, reserved 1179648K
  class space    used 18160K, committed 19328K, reserved 1048576K
}
Event: 102.834 GC heap after
{Heap after GC invocations=53 (full 0):
 garbage-first heap   total 237568K, used 160768K [0x0000000080000000, 0x0000000100000000)
  region size 1024K, 10 young (10240K), 10 survivors (10240K)
 Metaspace       used 133386K, committed 135744K, reserved 1179648K
  class space    used 18160K, committed 19328K, reserved 1048576K
}
Event: 103.273 GC heap before
{Heap before GC invocations=54 (full 0):
 garbage-first heap   total 268288K, used 225280K [0x0000000080000000, 0x0000000100000000)
  region size 1024K, 61 young (62464K), 10 survivors (10240K)
 Metaspace       used 134327K, committed 136640K, reserved 1179648K
  class space    used 18247K, committed 19392K, reserved 1048576K
}
Event: 103.282 GC heap after
{Heap after GC invocations=55 (full 0):
 garbage-first heap   total 268288K, used 169930K [0x0000000080000000, 0x0000000100000000)
  region size 1024K, 8 young (8192K), 8 survivors (8192K)
 Metaspace       used 134327K, committed 136640K, reserved 1179648K
  class space    used 18247K, committed 19392K, reserved 1048576K
}
Event: 103.689 GC heap before
{Heap before GC invocations=55 (full 0):
 garbage-first heap   total 268288K, used 237514K [0x0000000080000000, 0x0000000100000000)
  region size 1024K, 75 young (76800K), 8 survivors (8192K)
 Metaspace       used 137551K, committed 139840K, reserved 1179648K
  class space    used 18547K, committed 19648K, reserved 1048576K
}
Event: 103.695 GC heap after
{Heap after GC invocations=56 (full 0):
 garbage-first heap   total 268288K, used 165991K [0x0000000080000000, 0x0000000100000000)
  region size 1024K, 2 young (2048K), 2 survivors (2048K)
 Metaspace       used 137551K, committed 139840K, reserved 1179648K
  class space    used 18547K, committed 19648K, reserved 1048576K
}
Event: 104.470 GC heap before
{Heap before GC invocations=56 (full 0):
 garbage-first heap   total 268288K, used 240743K [0x0000000080000000, 0x0000000100000000)
  region size 1024K, 76 young (77824K), 2 survivors (2048K)
 Metaspace       used 139595K, committed 141888K, reserved 1179648K
  class space    used 18791K, committed 19904K, reserved 1048576K
}
Event: 104.475 GC heap after
{Heap after GC invocations=57 (full 0):
 garbage-first heap   total 268288K, used 169064K [0x0000000080000000, 0x0000000100000000)
  region size 1024K, 5 young (5120K), 5 survivors (5120K)
 Metaspace       used 139595K, committed 141888K, reserved 1179648K
  class space    used 18791K, committed 19904K, reserved 1048576K
}
Event: 106.977 GC heap before
{Heap before GC invocations=58 (full 0):
 garbage-first heap   total 270336K, used 236648K [0x0000000080000000, 0x0000000100000000)
  region size 1024K, 80 young (81920K), 5 survivors (5120K)
 Metaspace       used 140327K, committed 142528K, reserved 1179648K
  class space    used 18896K, committed 19968K, reserved 1048576K
}

