# JRE version: OpenJDK Runtime Environment (21.0.8) (build 21.0.8+-14196175-b1038.72)
# Java VM: OpenJDK 64-Bit Server VM (21.0.8+-14196175-b1038.72, mixed mode, tiered, compressed oops, compressed class ptrs, g1 gc, windows-amd64)
GC Precious Log:
 CardTable entry size: 512
 Card Set container configuration: InlinePtr #cards 5 size 8 Array Of Cards #cards 12 size 40 Howl #buckets 4 coarsen threshold 1843 Howl Bitmap #cards 512 size 80 coarsen threshold 460 Card regions per heap region 1 cards per card region 2048
 CPUs: 12 total, 12 available
 Memory: 5996M
 Large Page Support: Disabled
 NUMA Support: Disabled
 Compressed Oops: Enabled (32-bit)
 Heap Region Size: 1M
 Heap Min Capacity: 8M
 Heap Initial Capacity: 94M
 Heap Max Capacity: 1G
 Pre-touch: Disabled
 Parallel Workers: 10
 Concurrent Workers: 3
 Concurrent Refinement Workers: 10
 Periodic GC: Disabled
Heap:
 garbage-first heap   total 118784K, used 60714K [0x00000000c0000000, 0x0000000100000000)
  region size 1024K, 27 young (27648K), 6 survivors (6144K)
 Metaspace       used 61187K, committed 62592K, reserved 278528K
  class space    used 8634K, committed 9344K, reserved 212992K
GC Heap History (20 events):
Event: 2.550 GC heap before
{Heap before GC invocations=2 (full 0):
 garbage-first heap   total 96256K, used 56803K [0x00000000c0000000, 0x0000000100000000)
  region size 1024K, 49 young (50176K), 5 survivors (5120K)
 Metaspace       used 13125K, committed 13376K, reserved 278528K
  class space    used 1490K, committed 1600K, reserved 212992K
}
Event: 2.660 GC heap after
{Heap after GC invocations=3 (full 0):
 garbage-first heap   total 96256K, used 16725K [0x00000000c0000000, 0x0000000100000000)
  region size 1024K, 5 young (5120K), 5 survivors (5120K)
 Metaspace       used 13125K, committed 13376K, reserved 278528K
  class space    used 1490K, committed 1600K, reserved 212992K
}
Event: 3.859 GC heap before
{Heap before GC invocations=3 (full 0):
 garbage-first heap   total 96256K, used 43349K [0x00000000c0000000, 0x0000000100000000)
  region size 1024K, 32 young (32768K), 5 survivors (5120K)
 Metaspace       used 21208K, committed 21504K, reserved 278528K
  class space    used 2531K, committed 2688K, reserved 212992K
}
Event: 3.865 GC heap after
{Heap after GC invocations=4 (full 0):
 garbage-first heap   total 96256K, used 20500K [0x00000000c0000000, 0x0000000100000000)
  region size 1024K, 4 young (4096K), 4 survivors (4096K)
 Metaspace       used 21208K, committed 21504K, reserved 278528K
  class space    used 2531K, committed 2688K, reserved 212992K
}
Event: 5.047 GC heap before
{Heap before GC invocations=5 (full 0):
 garbage-first heap   total 71680K, used 70676K [0x00000000c0000000, 0x0000000100000000)
  region size 1024K, 53 young (54272K), 4 survivors (4096K)
 Metaspace       used 29516K, committed 30080K, reserved 278528K
  class space    used 3898K, committed 4160K, reserved 212992K
}
Event: 5.054 GC heap after
{Heap after GC invocations=6 (full 0):
 garbage-first heap   total 78848K, used 23330K [0x00000000c0000000, 0x0000000100000000)
  region size 1024K, 7 young (7168K), 7 survivors (7168K)
 Metaspace       used 29516K, committed 30080K, reserved 278528K
  class space    used 3898K, committed 4160K, reserved 212992K
}
Event: 5.747 GC heap before
{Heap before GC invocations=6 (full 0):
 garbage-first heap   total 78848K, used 62242K [0x00000000c0000000, 0x0000000100000000)
  region size 1024K, 45 young (46080K), 7 survivors (7168K)
 Metaspace       used 34765K, committed 35520K, reserved 278528K
  class space    used 4831K, committed 5184K, reserved 212992K
}
Event: 5.751 GC heap after
{Heap after GC invocations=7 (full 0):
 garbage-first heap   total 78848K, used 25519K [0x00000000c0000000, 0x0000000100000000)
  region size 1024K, 6 young (6144K), 6 survivors (6144K)
 Metaspace       used 34765K, committed 35520K, reserved 278528K
  class space    used 4831K, committed 5184K, reserved 212992K
}
Event: 5.790 GC heap before
{Heap before GC invocations=7 (full 0):
 garbage-first heap   total 78848K, used 27567K [0x00000000c0000000, 0x0000000100000000)
  region size 1024K, 9 young (9216K), 6 survivors (6144K)
 Metaspace       used 35228K, committed 35968K, reserved 278528K
  class space    used 4877K, committed 5248K, reserved 212992K
}
Event: 5.794 GC heap after
{Heap after GC invocations=8 (full 0):
 garbage-first heap   total 78848K, used 26125K [0x00000000c0000000, 0x0000000100000000)
  region size 1024K, 4 young (4096K), 4 survivors (4096K)
 Metaspace       used 35228K, committed 35968K, reserved 278528K
  class space    used 4877K, committed 5248K, reserved 212992K
}
Event: 6.452 GC heap before
{Heap before GC invocations=9 (full 0):
 garbage-first heap   total 78848K, used 65037K [0x00000000c0000000, 0x0000000100000000)
  region size 1024K, 43 young (44032K), 4 survivors (4096K)
 Metaspace       used 43302K, committed 44224K, reserved 278528K
  class space    used 5951K, committed 6400K, reserved 212992K
}
Event: 6.456 GC heap after
{Heap after GC invocations=10 (full 0):
 garbage-first heap   total 78848K, used 29197K [0x00000000c0000000, 0x0000000100000000)
  region size 1024K, 6 young (6144K), 6 survivors (6144K)
 Metaspace       used 43302K, committed 44224K, reserved 278528K
  class space    used 5951K, committed 6400K, reserved 212992K
}
Event: 6.849 GC heap before
{Heap before GC invocations=10 (full 0):
 garbage-first heap   total 78848K, used 71181K [0x00000000c0000000, 0x0000000100000000)
  region size 1024K, 43 young (44032K), 6 survivors (6144K)
 Metaspace       used 46340K, committed 47232K, reserved 278528K
  class space    used 6259K, committed 6656K, reserved 212992K
}
Event: 6.855 GC heap after
{Heap after GC invocations=11 (full 0):
 garbage-first heap   total 83968K, used 32698K [0x00000000c0000000, 0x0000000100000000)
  region size 1024K, 4 young (4096K), 4 survivors (4096K)
 Metaspace       used 46340K, committed 47232K, reserved 278528K
  class space    used 6259K, committed 6656K, reserved 212992K
}
Event: 7.223 GC heap before
{Heap before GC invocations=11 (full 0):
 garbage-first heap   total 83968K, used 70586K [0x00000000c0000000, 0x0000000100000000)
  region size 1024K, 42 young (43008K), 4 survivors (4096K)
 Metaspace       used 49622K, committed 50624K, reserved 278528K
  class space    used 6810K, committed 7296K, reserved 212992K
}
Event: 7.227 GC heap after
{Heap after GC invocations=12 (full 0):
 garbage-first heap   total 118784K, used 35313K [0x00000000c0000000, 0x0000000100000000)
  region size 1024K, 3 young (3072K), 3 survivors (3072K)
 Metaspace       used 49622K, committed 50624K, reserved 278528K
  class space    used 6810K, committed 7296K, reserved 212992K
}
Event: 8.325 GC heap before
{Heap before GC invocations=12 (full 0):
 garbage-first heap   total 118784K, used 102897K [0x00000000c0000000, 0x0000000100000000)
  region size 1024K, 69 young (70656K), 3 survivors (3072K)
 Metaspace       used 56838K, committed 58048K, reserved 278528K
  class space    used 7879K, committed 8448K, reserved 212992K
}
Event: 8.329 GC heap after
{Heap after GC invocations=13 (full 0):
 garbage-first heap   total 118784K, used 39286K [0x00000000c0000000, 0x0000000100000000)
  region size 1024K, 7 young (7168K), 7 survivors (7168K)
 Metaspace       used 56838K, committed 58048K, reserved 278528K
  class space    used 7879K, committed 8448K, reserved 212992K
}
Event: 8.595 GC heap before
{Heap before GC invocations=13 (full 0):
 garbage-first heap   total 118784K, used 53622K [0x00000000c0000000, 0x0000000100000000)
  region size 1024K, 22 young (22528K), 7 survivors (7168K)
 Metaspace       used 58785K, committed 60096K, reserved 278528K
  class space    used 8215K, committed 8832K, reserved 212992K
}
Event: 8.598 GC heap after
{Heap after GC invocations=14 (full 0):
 garbage-first heap   total 118784K, used 40234K [0x00000000c0000000, 0x0000000100000000)
  region size 1024K, 6 young (6144K), 6 survivors (6144K)
 Metaspace       used 58785K, committed 60096K, reserved 278528K
  class space    used 8215K, committed 8832K, reserved 212992K
}

