# JRE version: OpenJDK Runtime Environment (21.0.8) (build 21.0.8+-14196175-b1038.72)
# Java VM: OpenJDK 64-Bit Server VM (21.0.8+-14196175-b1038.72, mixed mode, tiered, compressed oops, compressed class ptrs, g1 gc, windows-amd64)
GC Precious Log:
 CardTable entry size: 512
 Card Set container configuration: InlinePtr #cards 5 size 8 Array Of Cards #cards 12 size 40 Howl #buckets 4 coarsen threshold 1843 Howl Bitmap #cards 512 size 80 coarsen threshold 460 Card regions per heap region 1 cards per card region 2048
 CPUs: 12 total, 12 available
 Memory: 5996M
 Large Page Support: Disabled
 NUMA Support: Disabled
 Compressed Oops: Enabled (32-bit)
 Heap Region Size: 1M
 Heap Min Capacity: 8M
 Heap Initial Capacity: 94M
 Heap Max Capacity: 1G
 Pre-touch: Disabled
 Parallel Workers: 10
 Concurrent Workers: 3
 Concurrent Refinement Workers: 10
 Periodic GC: Disabled
Heap:
 garbage-first heap   total 147456K, used 102714K [0x00000000c0000000, 0x0000000100000000)
  region size 1024K, 18 young (18432K), 3 survivors (3072K)
 Metaspace       used 88603K, committed 90496K, reserved 344064K
  class space    used 12236K, committed 13120K, reserved 212992K
GC Heap History (20 events):
Event: 12.801 GC heap before
{Heap before GC invocations=25 (full 0):
 garbage-first heap   total 98304K, used 88857K [0x00000000c0000000, 0x0000000100000000)
  region size 1024K, 36 young (36864K), 3 survivors (3072K)
 Metaspace       used 72848K, committed 74560K, reserved 278528K
  class space    used 10225K, committed 11008K, reserved 212992K
}
Event: 12.804 GC heap after
{Heap after GC invocations=26 (full 0):
 garbage-first heap   total 98304K, used 56310K [0x00000000c0000000, 0x0000000100000000)
  region size 1024K, 3 young (3072K), 3 survivors (3072K)
 Metaspace       used 72848K, committed 74560K, reserved 278528K
  class space    used 10225K, committed 11008K, reserved 212992K
}
Event: 13.460 GC heap before
{Heap before GC invocations=26 (full 0):
 garbage-first heap   total 98304K, used 88054K [0x00000000c0000000, 0x0000000100000000)
  region size 1024K, 34 young (34816K), 3 survivors (3072K)
 Metaspace       used 73238K, committed 75008K, reserved 278528K
  class space    used 10286K, committed 11136K, reserved 212992K
}
Event: 13.463 GC heap after
{Heap after GC invocations=27 (full 0):
 garbage-first heap   total 98304K, used 57938K [0x00000000c0000000, 0x0000000100000000)
  region size 1024K, 4 young (4096K), 4 survivors (4096K)
 Metaspace       used 73238K, committed 75008K, reserved 278528K
  class space    used 10286K, committed 11136K, reserved 212992K
}
Event: 13.547 GC heap before
{Heap before GC invocations=27 (full 0):
 garbage-first heap   total 98304K, used 62034K [0x00000000c0000000, 0x0000000100000000)
  region size 1024K, 9 young (9216K), 4 survivors (4096K)
 Metaspace       used 73300K, committed 75008K, reserved 278528K
  class space    used 10289K, committed 11136K, reserved 212992K
}
Event: 13.550 GC heap after
{Heap after GC invocations=28 (full 0):
 garbage-first heap   total 98304K, used 58630K [0x00000000c0000000, 0x0000000100000000)
  region size 1024K, 1 young (1024K), 1 survivors (1024K)
 Metaspace       used 73300K, committed 75008K, reserved 278528K
  class space    used 10289K, committed 11136K, reserved 212992K
}
Event: 14.204 GC heap before
{Heap before GC invocations=29 (full 0):
 garbage-first heap   total 102400K, used 100614K [0x00000000c0000000, 0x0000000100000000)
  region size 1024K, 29 young (29696K), 1 survivors (1024K)
 Metaspace       used 74685K, committed 76416K, reserved 344064K
  class space    used 10446K, committed 11264K, reserved 212992K
}
Event: 14.208 GC heap after
{Heap after GC invocations=30 (full 0):
 garbage-first heap   total 110592K, used 79677K [0x00000000c0000000, 0x0000000100000000)
  region size 1024K, 4 young (4096K), 4 survivors (4096K)
 Metaspace       used 74685K, committed 76416K, reserved 344064K
  class space    used 10446K, committed 11264K, reserved 212992K
}
Event: 14.563 GC heap before
{Heap before GC invocations=30 (full 0):
 garbage-first heap   total 110592K, used 100157K [0x00000000c0000000, 0x0000000100000000)
  region size 1024K, 24 young (24576K), 4 survivors (4096K)
 Metaspace       used 76570K, committed 78336K, reserved 344064K
  class space    used 10706K, committed 11584K, reserved 212992K
}
Event: 14.566 GC heap after
{Heap after GC invocations=31 (full 0):
 garbage-first heap   total 110592K, used 78757K [0x00000000c0000000, 0x0000000100000000)
  region size 1024K, 1 young (1024K), 1 survivors (1024K)
 Metaspace       used 76570K, committed 78336K, reserved 344064K
  class space    used 10706K, committed 11584K, reserved 212992K
}
Event: 14.951 GC heap before
{Heap before GC invocations=31 (full 0):
 garbage-first heap   total 110592K, used 101285K [0x00000000c0000000, 0x0000000100000000)
  region size 1024K, 23 young (23552K), 1 survivors (1024K)
 Metaspace       used 79228K, committed 81024K, reserved 344064K
  class space    used 10983K, committed 11840K, reserved 212992K
}
Event: 14.954 GC heap after
{Heap after GC invocations=32 (full 0):
 garbage-first heap   total 110592K, used 79314K [0x00000000c0000000, 0x0000000100000000)
  region size 1024K, 2 young (2048K), 2 survivors (2048K)
 Metaspace       used 79228K, committed 81024K, reserved 344064K
  class space    used 10983K, committed 11840K, reserved 212992K
}
Event: 15.255 GC heap before
{Heap before GC invocations=33 (full 0):
 garbage-first heap   total 135168K, used 97746K [0x00000000c0000000, 0x0000000100000000)
  region size 1024K, 21 young (21504K), 2 survivors (2048K)
 Metaspace       used 81281K, committed 83072K, reserved 344064K
  class space    used 11174K, committed 12032K, reserved 212992K
}
Event: 15.258 GC heap after
{Heap after GC invocations=34 (full 0):
 garbage-first heap   total 135168K, used 79924K [0x00000000c0000000, 0x0000000100000000)
  region size 1024K, 2 young (2048K), 2 survivors (2048K)
 Metaspace       used 81281K, committed 83072K, reserved 344064K
  class space    used 11174K, committed 12032K, reserved 212992K
}
Event: 15.963 GC heap before
{Heap before GC invocations=34 (full 0):
 garbage-first heap   total 135168K, used 122932K [0x00000000c0000000, 0x0000000100000000)
  region size 1024K, 40 young (40960K), 2 survivors (2048K)
 Metaspace       used 85028K, committed 86912K, reserved 344064K
  class space    used 11742K, committed 12672K, reserved 212992K
}
Event: 15.968 GC heap after
{Heap after GC invocations=35 (full 0):
 garbage-first heap   total 135168K, used 88889K [0x00000000c0000000, 0x0000000100000000)
  region size 1024K, 5 young (5120K), 5 survivors (5120K)
 Metaspace       used 85028K, committed 86912K, reserved 344064K
  class space    used 11742K, committed 12672K, reserved 212992K
}
Event: 15.995 GC heap before
{Heap before GC invocations=35 (full 0):
 garbage-first heap   total 135168K, used 89913K [0x00000000c0000000, 0x0000000100000000)
  region size 1024K, 7 young (7168K), 5 survivors (5120K)
 Metaspace       used 85032K, committed 86912K, reserved 344064K
  class space    used 11742K, committed 12672K, reserved 212992K
}
Event: 15.999 GC heap after
{Heap after GC invocations=36 (full 0):
 garbage-first heap   total 135168K, used 86994K [0x00000000c0000000, 0x0000000100000000)
  region size 1024K, 1 young (1024K), 1 survivors (1024K)
 Metaspace       used 85032K, committed 86912K, reserved 344064K
  class space    used 11742K, committed 12672K, reserved 212992K
}
Event: 16.514 GC heap before
{Heap before GC invocations=37 (full 0):
 garbage-first heap   total 147456K, used 118738K [0x00000000c0000000, 0x0000000100000000)
  region size 1024K, 32 young (32768K), 1 survivors (1024K)
 Metaspace       used 87461K, committed 89344K, reserved 344064K
  class space    used 12083K, committed 12992K, reserved 212992K
}
Event: 16.516 GC heap after
{Heap after GC invocations=38 (full 0):
 garbage-first heap   total 147456K, used 88378K [0x00000000c0000000, 0x0000000100000000)
  region size 1024K, 3 young (3072K), 3 survivors (3072K)
 Metaspace       used 87461K, committed 89344K, reserved 344064K
  class space    used 12083K, committed 12992K, reserved 212992K
}

