# JRE version: OpenJDK Runtime Environment (21.0.8) (build 21.0.8+-14196175-b1038.72)
# Java VM: OpenJDK 64-Bit Server VM (21.0.8+-14196175-b1038.72, mixed mode, tiered, compressed oops, compressed class ptrs, g1 gc, windows-amd64)
GC Precious Log:
 CardTable entry size: 512
 Card Set container configuration: InlinePtr #cards 5 size 8 Array Of Cards #cards 12 size 40 Howl #buckets 4 coarsen threshold 1843 Howl Bitmap #cards 512 size 80 coarsen threshold 460 Card regions per heap region 1 cards per card region 2048
 CPUs: 12 total, 12 available
 Memory: 5996M
 Large Page Support: Disabled
 NUMA Support: Disabled
 Compressed Oops: Enabled (32-bit)
 Heap Region Size: 1M
 Heap Min Capacity: 8M
 Heap Initial Capacity: 94M
 Heap Max Capacity: 2G
 Pre-touch: Disabled
 Parallel Workers: 10
 Concurrent Workers: 3
 Concurrent Refinement Workers: 10
 Periodic GC: Disabled
Heap:
 garbage-first heap   total 198656K, used 138061K [0x0000000080000000, 0x0000000100000000)
  region size 1024K, 21 young (21504K), 6 survivors (6144K)
 Metaspace       used 122610K, committed 124864K, reserved 1179648K
  class space    used 17088K, committed 18176K, reserved 1048576K
GC Heap History (20 events):
Event: 20.091 GC heap before
{Heap before GC invocations=36 (full 0):
 garbage-first heap   total 152576K, used 131589K [0x0000000080000000, 0x0000000100000000)
  region size 1024K, 39 young (39936K), 2 survivors (2048K)
 Metaspace       used 94287K, committed 96192K, reserved 1179648K
  class space    used 12996K, committed 13952K, reserved 1048576K
}
Event: 20.095 GC heap after
{Heap after GC invocations=37 (full 0):
 garbage-first heap   total 152576K, used 96057K [0x0000000080000000, 0x0000000100000000)
  region size 1024K, 5 young (5120K), 5 survivors (5120K)
 Metaspace       used 94287K, committed 96192K, reserved 1179648K
  class space    used 12996K, committed 13952K, reserved 1048576K
}
Event: 20.781 GC heap before
{Heap before GC invocations=37 (full 0):
 garbage-first heap   total 152576K, used 138041K [0x0000000080000000, 0x0000000100000000)
  region size 1024K, 46 young (47104K), 5 survivors (5120K)
 Metaspace       used 97149K, committed 99136K, reserved 1179648K
  class space    used 13424K, committed 14400K, reserved 1048576K
}
Event: 20.786 GC heap after
{Heap after GC invocations=38 (full 0):
 garbage-first heap   total 152576K, used 97389K [0x0000000080000000, 0x0000000100000000)
  region size 1024K, 5 young (5120K), 5 survivors (5120K)
 Metaspace       used 97149K, committed 99136K, reserved 1179648K
  class space    used 13424K, committed 14400K, reserved 1048576K
}
Event: 21.604 GC heap before
{Heap before GC invocations=38 (full 0):
 garbage-first heap   total 152576K, used 138349K [0x0000000080000000, 0x0000000100000000)
  region size 1024K, 45 young (46080K), 5 survivors (5120K)
 Metaspace       used 98463K, committed 100416K, reserved 1179648K
  class space    used 13593K, committed 14528K, reserved 1048576K
}
Event: 21.609 GC heap after
{Heap after GC invocations=39 (full 0):
 garbage-first heap   total 152576K, used 101318K [0x0000000080000000, 0x0000000100000000)
  region size 1024K, 6 young (6144K), 6 survivors (6144K)
 Metaspace       used 98463K, committed 100416K, reserved 1179648K
  class space    used 13593K, committed 14528K, reserved 1048576K
}
Event: 22.105 GC heap before
{Heap before GC invocations=40 (full 0):
 garbage-first heap   total 171008K, used 136134K [0x0000000080000000, 0x0000000100000000)
  region size 1024K, 40 young (40960K), 6 survivors (6144K)
 Metaspace       used 101272K, committed 103296K, reserved 1179648K
  class space    used 13990K, committed 14976K, reserved 1048576K
}
Event: 22.109 GC heap after
{Heap after GC invocations=41 (full 0):
 garbage-first heap   total 171008K, used 103014K [0x0000000080000000, 0x0000000100000000)
  region size 1024K, 2 young (2048K), 2 survivors (2048K)
 Metaspace       used 101272K, committed 103296K, reserved 1179648K
  class space    used 13990K, committed 14976K, reserved 1048576K
}
Event: 22.987 GC heap before
{Heap before GC invocations=41 (full 0):
 garbage-first heap   total 171008K, used 159334K [0x0000000080000000, 0x0000000100000000)
  region size 1024K, 56 young (57344K), 2 survivors (2048K)
 Metaspace       used 105730K, committed 107776K, reserved 1179648K
  class space    used 14782K, committed 15744K, reserved 1048576K
}
Event: 22.991 GC heap after
{Heap after GC invocations=42 (full 0):
 garbage-first heap   total 171008K, used 103204K [0x0000000080000000, 0x0000000100000000)
  region size 1024K, 4 young (4096K), 4 survivors (4096K)
 Metaspace       used 105730K, committed 107776K, reserved 1179648K
  class space    used 14782K, committed 15744K, reserved 1048576K
}
Event: 23.828 GC heap before
{Heap before GC invocations=42 (full 0):
 garbage-first heap   total 171008K, used 156452K [0x0000000080000000, 0x0000000100000000)
  region size 1024K, 56 young (57344K), 4 survivors (4096K)
 Metaspace       used 109798K, committed 111872K, reserved 1179648K
  class space    used 15386K, committed 16384K, reserved 1048576K
}
Event: 23.833 GC heap after
{Heap after GC invocations=43 (full 0):
 garbage-first heap   total 171008K, used 105849K [0x0000000080000000, 0x0000000100000000)
  region size 1024K, 6 young (6144K), 6 survivors (6144K)
 Metaspace       used 109798K, committed 111872K, reserved 1179648K
  class space    used 15386K, committed 16384K, reserved 1048576K
}
Event: 24.718 GC heap before
{Heap before GC invocations=44 (full 0):
 garbage-first heap   total 178176K, used 153977K [0x0000000080000000, 0x0000000100000000)
  region size 1024K, 53 young (54272K), 6 survivors (6144K)
 Metaspace       used 113140K, committed 115264K, reserved 1179648K
  class space    used 15952K, committed 16960K, reserved 1048576K
}
Event: 24.725 GC heap after
{Heap after GC invocations=45 (full 0):
 garbage-first heap   total 178176K, used 108029K [0x0000000080000000, 0x0000000100000000)
  region size 1024K, 5 young (5120K), 5 survivors (5120K)
 Metaspace       used 113140K, committed 115264K, reserved 1179648K
  class space    used 15952K, committed 16960K, reserved 1048576K
}
Event: 25.824 GC heap before
{Heap before GC invocations=45 (full 0):
 garbage-first heap   total 178176K, used 162301K [0x0000000080000000, 0x0000000100000000)
  region size 1024K, 58 young (59392K), 5 survivors (5120K)
 Metaspace       used 117515K, committed 119680K, reserved 1179648K
  class space    used 16543K, committed 17600K, reserved 1048576K
}
Event: 25.831 GC heap after
{Heap after GC invocations=46 (full 0):
 garbage-first heap   total 178176K, used 110771K [0x0000000080000000, 0x0000000100000000)
  region size 1024K, 7 young (7168K), 7 survivors (7168K)
 Metaspace       used 117515K, committed 119680K, reserved 1179648K
  class space    used 16543K, committed 17600K, reserved 1048576K
}
Event: 26.369 GC heap before
{Heap before GC invocations=46 (full 0):
 garbage-first heap   total 178176K, used 159923K [0x0000000080000000, 0x0000000100000000)
  region size 1024K, 55 young (56320K), 7 survivors (7168K)
 Metaspace       used 118196K, committed 120320K, reserved 1179648K
  class space    used 16626K, committed 17664K, reserved 1048576K
}
Event: 26.378 GC heap after
{Heap after GC invocations=47 (full 0):
 garbage-first heap   total 178176K, used 117829K [0x0000000080000000, 0x0000000100000000)
  region size 1024K, 7 young (7168K), 7 survivors (7168K)
 Metaspace       used 118196K, committed 120320K, reserved 1179648K
  class space    used 16626K, committed 17664K, reserved 1048576K
}
Event: 27.106 GC heap before
{Heap before GC invocations=48 (full 0):
 garbage-first heap   total 198656K, used 162885K [0x0000000080000000, 0x0000000100000000)
  region size 1024K, 47 young (48128K), 7 survivors (7168K)
 Metaspace       used 120814K, committed 123008K, reserved 1179648K
  class space    used 16784K, committed 17856K, reserved 1048576K
}
Event: 27.114 GC heap after
{Heap after GC invocations=49 (full 0):
 garbage-first heap   total 198656K, used 124749K [0x0000000080000000, 0x0000000100000000)
  region size 1024K, 6 young (6144K), 6 survivors (6144K)
 Metaspace       used 120814K, committed 123008K, reserved 1179648K
  class space    used 16784K, committed 17856K, reserved 1048576K
}

