# JRE version: OpenJDK Runtime Environment (21.0.8) (build 21.0.8+-14196175-b1038.72)
# Java VM: OpenJDK 64-Bit Server VM (21.0.8+-14196175-b1038.72, mixed mode, tiered, compressed oops, compressed class ptrs, g1 gc, windows-amd64)
GC Precious Log:
 CardTable entry size: 512
 Card Set container configuration: InlinePtr #cards 5 size 8 Array Of Cards #cards 12 size 40 Howl #buckets 4 coarsen threshold 1843 Howl Bitmap #cards 512 size 80 coarsen threshold 460 Card regions per heap region 1 cards per card region 2048
 CPUs: 12 total, 12 available
 Memory: 5996M
 Large Page Support: Disabled
 NUMA Support: Disabled
 Compressed Oops: Enabled (32-bit)
 Heap Region Size: 1M
 Heap Min Capacity: 8M
 Heap Initial Capacity: 94M
 Heap Max Capacity: 1G
 Pre-touch: Disabled
 Parallel Workers: 10
 Concurrent Workers: 3
 Concurrent Refinement Workers: 10
 Periodic GC: Disabled
Heap:
 garbage-first heap   total 219136K, used 139905K [0x00000000c0000000, 0x0000000100000000)
  region size 1024K, 17 young (17408K), 5 survivors (5120K)
 Metaspace       used 121420K, committed 123584K, reserved 344064K
  class space    used 16891K, committed 17920K, reserved 212992K
GC Heap History (20 events):
Event: 11.675 GC heap before
{Heap before GC invocations=39 (full 0):
 garbage-first heap   total 155648K, used 137174K [0x00000000c0000000, 0x0000000100000000)
  region size 1024K, 46 young (47104K), 3 survivors (3072K)
 Metaspace       used 95801K, committed 97728K, reserved 344064K
  class space    used 13205K, committed 14144K, reserved 212992K
}
Event: 11.678 GC heap after
{Heap after GC invocations=40 (full 0):
 garbage-first heap   total 155648K, used 95297K [0x00000000c0000000, 0x0000000100000000)
  region size 1024K, 6 young (6144K), 6 survivors (6144K)
 Metaspace       used 95801K, committed 97728K, reserved 344064K
  class space    used 13205K, committed 14144K, reserved 212992K
}
Event: 12.004 GC heap before
{Heap before GC invocations=40 (full 0):
 garbage-first heap   total 155648K, used 139329K [0x00000000c0000000, 0x0000000100000000)
  region size 1024K, 49 young (50176K), 6 survivors (6144K)
 Metaspace       used 97051K, committed 98944K, reserved 344064K
  class space    used 13399K, committed 14336K, reserved 212992K
}
Event: 12.010 GC heap after
{Heap after GC invocations=41 (full 0):
 garbage-first heap   total 155648K, used 99303K [0x00000000c0000000, 0x0000000100000000)
  region size 1024K, 7 young (7168K), 7 survivors (7168K)
 Metaspace       used 97051K, committed 98944K, reserved 344064K
  class space    used 13399K, committed 14336K, reserved 212992K
}
Event: 12.435 GC heap before
{Heap before GC invocations=41 (full 0):
 garbage-first heap   total 155648K, used 139239K [0x00000000c0000000, 0x0000000100000000)
  region size 1024K, 46 young (47104K), 7 survivors (7168K)
 Metaspace       used 100178K, committed 102080K, reserved 344064K
  class space    used 13829K, committed 14784K, reserved 212992K
}
Event: 12.440 GC heap after
{Heap after GC invocations=42 (full 0):
 garbage-first heap   total 155648K, used 101698K [0x00000000c0000000, 0x0000000100000000)
  region size 1024K, 3 young (3072K), 3 survivors (3072K)
 Metaspace       used 100178K, committed 102080K, reserved 344064K
  class space    used 13829K, committed 14784K, reserved 212992K
}
Event: 12.842 GC heap before
{Heap before GC invocations=43 (full 0):
 garbage-first heap   total 173056K, used 141634K [0x00000000c0000000, 0x0000000100000000)
  region size 1024K, 42 young (43008K), 3 survivors (3072K)
 Metaspace       used 103277K, committed 105216K, reserved 344064K
  class space    used 14336K, committed 15296K, reserved 212992K
}
Event: 12.845 GC heap after
{Heap after GC invocations=44 (full 0):
 garbage-first heap   total 173056K, used 102292K [0x00000000c0000000, 0x0000000100000000)
  region size 1024K, 3 young (3072K), 3 survivors (3072K)
 Metaspace       used 103277K, committed 105216K, reserved 344064K
  class space    used 14336K, committed 15296K, reserved 212992K
}
Event: 13.332 GC heap before
{Heap before GC invocations=44 (full 0):
 garbage-first heap   total 173056K, used 155540K [0x00000000c0000000, 0x0000000100000000)
  region size 1024K, 55 young (56320K), 3 survivors (3072K)
 Metaspace       used 107415K, committed 109504K, reserved 344064K
  class space    used 15017K, committed 16000K, reserved 212992K
}
Event: 13.335 GC heap after
{Heap after GC invocations=45 (full 0):
 garbage-first heap   total 173056K, used 103338K [0x00000000c0000000, 0x0000000100000000)
  region size 1024K, 6 young (6144K), 6 survivors (6144K)
 Metaspace       used 107415K, committed 109504K, reserved 344064K
  class space    used 15017K, committed 16000K, reserved 212992K
}
Event: 13.871 GC heap before
{Heap before GC invocations=45 (full 0):
 garbage-first heap   total 173056K, used 156586K [0x00000000c0000000, 0x0000000100000000)
  region size 1024K, 58 young (59392K), 6 survivors (6144K)
 Metaspace       used 111267K, committed 113344K, reserved 344064K
  class space    used 15595K, committed 16640K, reserved 212992K
}
Event: 13.877 GC heap after
{Heap after GC invocations=46 (full 0):
 garbage-first heap   total 173056K, used 106667K [0x00000000c0000000, 0x0000000100000000)
  region size 1024K, 7 young (7168K), 7 survivors (7168K)
 Metaspace       used 111267K, committed 113344K, reserved 344064K
  class space    used 15595K, committed 16640K, reserved 212992K
}
Event: 14.524 GC heap before
{Heap before GC invocations=46 (full 0):
 garbage-first heap   total 173056K, used 155819K [0x00000000c0000000, 0x0000000100000000)
  region size 1024K, 55 young (56320K), 7 survivors (7168K)
 Metaspace       used 116152K, committed 118336K, reserved 344064K
  class space    used 16288K, committed 17344K, reserved 212992K
}
Event: 14.530 GC heap after
{Heap after GC invocations=47 (full 0):
 garbage-first heap   total 173056K, used 108729K [0x00000000c0000000, 0x0000000100000000)
  region size 1024K, 6 young (6144K), 6 survivors (6144K)
 Metaspace       used 116152K, committed 118336K, reserved 344064K
  class space    used 16288K, committed 17344K, reserved 212992K
}
Event: 14.997 GC heap before
{Heap before GC invocations=48 (full 0):
 garbage-first heap   total 183296K, used 155833K [0x00000000c0000000, 0x0000000100000000)
  region size 1024K, 52 young (53248K), 6 survivors (6144K)
 Metaspace       used 117934K, committed 120128K, reserved 344064K
  class space    used 16591K, committed 17664K, reserved 212992K
}
Event: 15.004 GC heap after
{Heap after GC invocations=49 (full 0):
 garbage-first heap   total 183296K, used 113407K [0x00000000c0000000, 0x0000000100000000)
  region size 1024K, 7 young (7168K), 7 survivors (7168K)
 Metaspace       used 117934K, committed 120128K, reserved 344064K
  class space    used 16591K, committed 17664K, reserved 212992K
}
Event: 15.327 GC heap before
{Heap before GC invocations=49 (full 0):
 garbage-first heap   total 183296K, used 164607K [0x00000000c0000000, 0x0000000100000000)
  region size 1024K, 58 young (59392K), 7 survivors (7168K)
 Metaspace       used 118773K, committed 120896K, reserved 344064K
  class space    used 16642K, committed 17664K, reserved 212992K
}
Event: 15.336 GC heap after
{Heap after GC invocations=50 (full 0):
 garbage-first heap   total 183296K, used 120465K [0x00000000c0000000, 0x0000000100000000)
  region size 1024K, 8 young (8192K), 8 survivors (8192K)
 Metaspace       used 118773K, committed 120896K, reserved 344064K
  class space    used 16642K, committed 17664K, reserved 212992K
}
Event: 15.467 GC heap before
{Heap before GC invocations=50 (full 0):
 garbage-first heap   total 183296K, used 131729K [0x00000000c0000000, 0x0000000100000000)
  region size 1024K, 20 young (20480K), 8 survivors (8192K)
 Metaspace       used 119461K, committed 121664K, reserved 344064K
  class space    used 16695K, committed 17728K, reserved 212992K
}
Event: 15.472 GC heap after
{Heap after GC invocations=51 (full 0):
 garbage-first heap   total 183296K, used 124545K [0x00000000c0000000, 0x0000000100000000)
  region size 1024K, 5 young (5120K), 5 survivors (5120K)
 Metaspace       used 119461K, committed 121664K, reserved 344064K
  class space    used 16695K, committed 17728K, reserved 212992K
}

