# JRE version: OpenJDK Runtime Environment (21.0.8) (build 21.0.8+-14196175-b1038.72)
# Java VM: OpenJDK 64-Bit Server VM (21.0.8+-14196175-b1038.72, mixed mode, tiered, compressed oops, compressed class ptrs, g1 gc, windows-amd64)
GC Precious Log:
 CardTable entry size: 512
 Card Set container configuration: InlinePtr #cards 5 size 8 Array Of Cards #cards 12 size 40 Howl #buckets 4 coarsen threshold 1843 Howl Bitmap #cards 512 size 80 coarsen threshold 460 Card regions per heap region 1 cards per card region 2048
 CPUs: 12 total, 12 available
 Memory: 5996M
 Large Page Support: Disabled
 NUMA Support: Disabled
 Compressed Oops: Enabled (32-bit)
 Heap Region Size: 1M
 Heap Min Capacity: 8M
 Heap Initial Capacity: 94M
 Heap Max Capacity: 2G
 Pre-touch: Disabled
 Parallel Workers: 10
 Concurrent Workers: 3
 Concurrent Refinement Workers: 10
 Periodic GC: Disabled
Heap:
 garbage-first heap   total 283648K, used 196608K [0x0000000080000000, 0x0000000100000000)
  region size 1024K, 28 young (28672K), 12 survivors (12288K)
 Metaspace       used 132906K, committed 135168K, reserved 1179648K
  class space    used 18308K, committed 19392K, reserved 1048576K
GC Heap History (20 events):
Event: 16.409 GC heap before
{Heap before GC invocations=35 (full 0):
 garbage-first heap   total 230400K, used 211649K [0x0000000080000000, 0x0000000100000000)
  region size 1024K, 69 young (70656K), 4 survivors (4096K)
 Metaspace       used 99857K, committed 101888K, reserved 1179648K
  class space    used 13806K, committed 14784K, reserved 1048576K
}
Event: 16.415 GC heap after
{Heap after GC invocations=36 (full 0):
 garbage-first heap   total 230400K, used 150231K [0x0000000080000000, 0x0000000100000000)
  region size 1024K, 9 young (9216K), 9 survivors (9216K)
 Metaspace       used 99857K, committed 101888K, reserved 1179648K
  class space    used 13806K, committed 14784K, reserved 1048576K
}
Event: 17.173 GC heap before
{Heap before GC invocations=37 (full 0):
 garbage-first heap   total 252928K, used 206551K [0x0000000080000000, 0x0000000100000000)
  region size 1024K, 64 young (65536K), 9 survivors (9216K)
 Metaspace       used 104053K, committed 106176K, reserved 1179648K
  class space    used 14410K, committed 15424K, reserved 1048576K
}
Event: 17.179 GC heap after
{Heap after GC invocations=38 (full 0):
 garbage-first heap   total 252928K, used 152211K [0x0000000080000000, 0x0000000100000000)
  region size 1024K, 3 young (3072K), 3 survivors (3072K)
 Metaspace       used 104053K, committed 106176K, reserved 1179648K
  class space    used 14410K, committed 15424K, reserved 1048576K
}
Event: 18.593 GC heap before
{Heap before GC invocations=38 (full 0):
 garbage-first heap   total 252928K, used 231059K [0x0000000080000000, 0x0000000100000000)
  region size 1024K, 80 young (81920K), 3 survivors (3072K)
 Metaspace       used 109855K, committed 111936K, reserved 1179648K
  class space    used 15388K, committed 16384K, reserved 1048576K
}
Event: 18.601 GC heap after
{Heap after GC invocations=39 (full 0):
 garbage-first heap   total 252928K, used 153260K [0x0000000080000000, 0x0000000100000000)
  region size 1024K, 5 young (5120K), 5 survivors (5120K)
 Metaspace       used 109855K, committed 111936K, reserved 1179648K
  class space    used 15388K, committed 16384K, reserved 1048576K
}
Event: 19.350 GC heap before
{Heap before GC invocations=39 (full 0):
 garbage-first heap   total 252928K, used 182956K [0x0000000080000000, 0x0000000100000000)
  region size 1024K, 36 young (36864K), 5 survivors (5120K)
 Metaspace       used 112063K, committed 114240K, reserved 1179648K
  class space    used 15608K, committed 16704K, reserved 1048576K
}
Event: 19.358 GC heap after
{Heap after GC invocations=40 (full 0):
 garbage-first heap   total 252928K, used 158185K [0x0000000080000000, 0x0000000100000000)
  region size 1024K, 10 young (10240K), 10 survivors (10240K)
 Metaspace       used 112063K, committed 114240K, reserved 1179648K
  class space    used 15608K, committed 16704K, reserved 1048576K
}
Event: 20.770 GC heap before
{Heap before GC invocations=41 (full 0):
 garbage-first heap   total 273408K, used 233961K [0x0000000080000000, 0x0000000100000000)
  region size 1024K, 78 young (79872K), 10 survivors (10240K)
 Metaspace       used 118187K, committed 120448K, reserved 1179648K
  class space    used 16414K, committed 17536K, reserved 1048576K
}
Event: 20.777 GC heap after
{Heap after GC invocations=42 (full 0):
 garbage-first heap   total 273408K, used 165222K [0x0000000080000000, 0x0000000100000000)
  region size 1024K, 10 young (10240K), 10 survivors (10240K)
 Metaspace       used 118187K, committed 120448K, reserved 1179648K
  class space    used 16414K, committed 17536K, reserved 1048576K
}
Event: 21.430 GC heap before
{Heap before GC invocations=42 (full 0):
 garbage-first heap   total 273408K, used 248166K [0x0000000080000000, 0x0000000100000000)
  region size 1024K, 91 young (93184K), 10 survivors (10240K)
 Metaspace       used 118187K, committed 120448K, reserved 1179648K
  class space    used 16414K, committed 17536K, reserved 1048576K
}
Event: 21.438 GC heap after
{Heap after GC invocations=43 (full 0):
 garbage-first heap   total 273408K, used 166199K [0x0000000080000000, 0x0000000100000000)
  region size 1024K, 8 young (8192K), 8 survivors (8192K)
 Metaspace       used 118187K, committed 120448K, reserved 1179648K
  class space    used 16414K, committed 17536K, reserved 1048576K
}
Event: 22.190 GC heap before
{Heap before GC invocations=43 (full 0):
 garbage-first heap   total 273408K, used 250167K [0x0000000080000000, 0x0000000100000000)
  region size 1024K, 90 young (92160K), 8 survivors (8192K)
 Metaspace       used 118189K, committed 120448K, reserved 1179648K
  class space    used 16414K, committed 17536K, reserved 1048576K
}
Event: 22.196 GC heap after
{Heap after GC invocations=44 (full 0):
 garbage-first heap   total 273408K, used 168868K [0x0000000080000000, 0x0000000100000000)
  region size 1024K, 8 young (8192K), 8 survivors (8192K)
 Metaspace       used 118189K, committed 120448K, reserved 1179648K
  class space    used 16414K, committed 17536K, reserved 1048576K
}
Event: 23.143 GC heap before
{Heap before GC invocations=45 (full 0):
 garbage-first heap   total 283648K, used 248740K [0x0000000080000000, 0x0000000100000000)
  region size 1024K, 86 young (88064K), 8 survivors (8192K)
 Metaspace       used 118414K, committed 120640K, reserved 1179648K
  class space    used 16434K, committed 17536K, reserved 1048576K
}
Event: 23.149 GC heap after
{Heap after GC invocations=46 (full 0):
 garbage-first heap   total 283648K, used 171226K [0x0000000080000000, 0x0000000100000000)
  region size 1024K, 8 young (8192K), 8 survivors (8192K)
 Metaspace       used 118414K, committed 120640K, reserved 1179648K
  class space    used 16434K, committed 17536K, reserved 1048576K
}
Event: 24.771 GC heap before
{Heap before GC invocations=46 (full 0):
 garbage-first heap   total 283648K, used 260314K [0x0000000080000000, 0x0000000100000000)
  region size 1024K, 94 young (96256K), 8 survivors (8192K)
 Metaspace       used 127113K, committed 129408K, reserved 1179648K
  class space    used 17586K, committed 18688K, reserved 1048576K
}
Event: 24.778 GC heap after
{Heap after GC invocations=47 (full 0):
 garbage-first heap   total 283648K, used 174938K [0x0000000080000000, 0x0000000100000000)
  region size 1024K, 9 young (9216K), 9 survivors (9216K)
 Metaspace       used 127113K, committed 129408K, reserved 1179648K
  class space    used 17586K, committed 18688K, reserved 1048576K
}
Event: 26.692 GC heap before
{Heap before GC invocations=47 (full 0):
 garbage-first heap   total 283648K, used 257882K [0x0000000080000000, 0x0000000100000000)
  region size 1024K, 90 young (92160K), 9 survivors (9216K)
 Metaspace       used 132682K, committed 134976K, reserved 1179648K
  class space    used 18294K, committed 19392K, reserved 1048576K
}
Event: 26.703 GC heap after
{Heap after GC invocations=48 (full 0):
 garbage-first heap   total 283648K, used 181248K [0x0000000080000000, 0x0000000100000000)
  region size 1024K, 12 young (12288K), 12 survivors (12288K)
 Metaspace       used 132682K, committed 134976K, reserved 1179648K
  class space    used 18294K, committed 19392K, reserved 1048576K
}

